HYPER-PARAMETERS
dataset                       :AWA2
dataroot                      :../data
image_embedding               :res101
class_embedding               :att
syn_num                       :1800
gzsl                          :True
preprocessing                 :True
standardization               :False
workers                       :8
batch_size                    :64
resSize                       :2048
attSize                       :85
nz                            :85
ngh                           :4096
ndh                           :4096
nepoch                        :120
critic_iter                   :5
lambda1                       :10.0
lr                            :1e-05
feed_lr                       :0.0001
dec_lr                        :0.0001
classifier_lr                 :0.001
beta1                         :0.5
cuda                          :True
encoded_noise                 :True
manualSeed                    :9182
nclass_all                    :50
validation                    :True
encoder_layer_sizes           :[2048, 4096]
decoder_layer_sizes           :[4096, 2048]
gammaD                        :10
gammaG                        :10
latent_size                   :85
conditional                   :True
a1                            :0.01
a2                            :0.01
recons_weight                 :0.1
feedback_loop                 :1
freeze_dec                    :True
sample_probing                :True
n_task                        :1
n_probe_train                 :10
n_probe_val                   :7
k_probe_train                 :1
k_probe_val                   :10
n_subset                      :5
alpha                         :2.0
gamma                         :0.0
lamb                          :0.001
n_syn                         :15
sample_probing_loss_weight    :5.0
sample_probing_loss_type      :zsl
closed_form_model_type        :sem2vis
finetune                      :False
lambda2                       :10.0
[1/120]  Loss_D: -27.9252 Loss_G: 6.5991, Wasserstein_dist:33.8407, vae_loss_seen:652.8736 GZSL: seen=0.7699, unseen=0.0010, h=0.0020 ZSL: unseen accuracy=0.1040
[2/120]  Loss_D: -5.9805 Loss_G: 4.5719, Wasserstein_dist:8.8990, vae_loss_seen:575.7277 GZSL: seen=0.7555, unseen=0.0011, h=0.0022 ZSL: unseen accuracy=0.0546
[3/120]  Loss_D: -27.3242 Loss_G: 4.1136, Wasserstein_dist:33.7716, vae_loss_seen:470.7027 GZSL: seen=0.7880, unseen=0.0015, h=0.0031 ZSL: unseen accuracy=0.0687
[4/120]  Loss_D: -33.8698 Loss_G: 4.3472, Wasserstein_dist:41.2909, vae_loss_seen:479.2890 GZSL: seen=0.7711, unseen=0.0010, h=0.0020 ZSL: unseen accuracy=0.1841
[5/120]  Loss_D: -37.6713 Loss_G: 4.4783, Wasserstein_dist:45.5515, vae_loss_seen:488.8303 GZSL: seen=0.8152, unseen=0.0073, h=0.0144 ZSL: unseen accuracy=0.2625
[6/120]  Loss_D: -41.7602 Loss_G: 4.9685, Wasserstein_dist:49.8468, vae_loss_seen:482.8183 GZSL: seen=0.7973, unseen=0.0018, h=0.0035 ZSL: unseen accuracy=0.3989
[7/120]  Loss_D: -33.7228 Loss_G: 4.9079, Wasserstein_dist:49.1121, vae_loss_seen:459.9692 GZSL: seen=0.7995, unseen=0.0015, h=0.0030 ZSL: unseen accuracy=0.4067
[8/120]  Loss_D: -41.9250 Loss_G: 5.3978, Wasserstein_dist:49.4452, vae_loss_seen:459.9046 GZSL: seen=0.8115, unseen=0.0064, h=0.0127 ZSL: unseen accuracy=0.4386
[9/120]  Loss_D: -38.9242 Loss_G: 5.6511, Wasserstein_dist:51.4480, vae_loss_seen:482.4685 GZSL: seen=0.8029, unseen=0.0061, h=0.0122 ZSL: unseen accuracy=0.4637
[10/120]  Loss_D: -41.0354 Loss_G: 5.7518, Wasserstein_dist:53.5340, vae_loss_seen:476.1119 GZSL: seen=0.8032, unseen=0.0048, h=0.0096 ZSL: unseen accuracy=0.4885
[11/120]  Loss_D: -31.7083 Loss_G: 5.7426, Wasserstein_dist:50.3873, vae_loss_seen:448.8738 GZSL: seen=0.9417, unseen=0.0022, h=0.0043 ZSL: unseen accuracy=0.4874
[12/120]  Loss_D: -31.0022 Loss_G: 5.8241, Wasserstein_dist:50.8958, vae_loss_seen:467.2119 GZSL: seen=0.8086, unseen=0.0097, h=0.0192 ZSL: unseen accuracy=0.5071
[13/120]  Loss_D: -40.5481 Loss_G: 5.9502, Wasserstein_dist:53.4278, vae_loss_seen:472.8564 GZSL: seen=0.7929, unseen=0.0154, h=0.0303 ZSL: unseen accuracy=0.4940
[14/120]  Loss_D: -43.1976 Loss_G: 5.9998, Wasserstein_dist:53.9106, vae_loss_seen:472.0267 GZSL: seen=0.9404, unseen=0.0200, h=0.0392 ZSL: unseen accuracy=0.5140
[15/120]  Loss_D: -42.9972 Loss_G: 6.0159, Wasserstein_dist:57.2413, vae_loss_seen:492.9295 GZSL: seen=0.9409, unseen=0.0231, h=0.0451 ZSL: unseen accuracy=0.5391
[16/120]  Loss_D: -36.8703 Loss_G: 5.8489, Wasserstein_dist:53.0934, vae_loss_seen:471.1364 GZSL: seen=0.9403, unseen=0.0346, h=0.0668 ZSL: unseen accuracy=0.5293
[17/120]  Loss_D: -37.6987 Loss_G: 5.7992, Wasserstein_dist:51.1572, vae_loss_seen:457.7538 GZSL: seen=0.8110, unseen=0.0418, h=0.0795 ZSL: unseen accuracy=0.5181
[18/120]  Loss_D: -38.5921 Loss_G: 5.7095, Wasserstein_dist:54.6713, vae_loss_seen:465.6307 GZSL: seen=0.8108, unseen=0.0695, h=0.1280 ZSL: unseen accuracy=0.5016
[19/120]  Loss_D: -39.0563 Loss_G: 5.7377, Wasserstein_dist:52.2943, vae_loss_seen:455.6601 GZSL: seen=0.9371, unseen=0.0702, h=0.1306 ZSL: unseen accuracy=0.5298
[20/120]  Loss_D: -41.1640 Loss_G: 5.6593, Wasserstein_dist:49.4633, vae_loss_seen:449.3923 GZSL: seen=0.9375, unseen=0.0653, h=0.1221 ZSL: unseen accuracy=0.5510
[21/120]  Loss_D: -37.5527 Loss_G: 5.4896, Wasserstein_dist:47.7832, vae_loss_seen:446.3122 GZSL: seen=0.9373, unseen=0.0733, h=0.1360 ZSL: unseen accuracy=0.5337
[22/120]  Loss_D: -39.6508 Loss_G: 5.4022, Wasserstein_dist:49.3392, vae_loss_seen:453.3029 GZSL: seen=0.8888, unseen=0.0850, h=0.1552 ZSL: unseen accuracy=0.5176
[23/120]  Loss_D: -32.3918 Loss_G: 5.2900, Wasserstein_dist:45.8015, vae_loss_seen:437.1883 GZSL: seen=0.7970, unseen=0.0902, h=0.1621 ZSL: unseen accuracy=0.5231
[24/120]  Loss_D: -30.1580 Loss_G: 5.2539, Wasserstein_dist:45.6857, vae_loss_seen:437.2271 GZSL: seen=0.7971, unseen=0.0978, h=0.1743 ZSL: unseen accuracy=0.5944
[25/120]  Loss_D: -39.0652 Loss_G: 5.3582, Wasserstein_dist:47.8921, vae_loss_seen:462.7050 GZSL: seen=0.8919, unseen=0.1275, h=0.2231 ZSL: unseen accuracy=0.5520
[26/120]  Loss_D: -32.6108 Loss_G: 5.3440, Wasserstein_dist:41.1771, vae_loss_seen:437.8840 GZSL: seen=0.8772, unseen=0.1523, h=0.2595 ZSL: unseen accuracy=0.5889
[27/120]  Loss_D: -28.3138 Loss_G: 5.0921, Wasserstein_dist:41.9144, vae_loss_seen:445.8807 GZSL: seen=0.8771, unseen=0.1410, h=0.2430 ZSL: unseen accuracy=0.5410
[28/120]  Loss_D: -27.0930 Loss_G: 4.9983, Wasserstein_dist:38.2162, vae_loss_seen:414.7308 GZSL: seen=0.9122, unseen=0.1397, h=0.2423 ZSL: unseen accuracy=0.5483
[29/120]  Loss_D: -26.9583 Loss_G: 5.0003, Wasserstein_dist:36.7851, vae_loss_seen:419.7207 GZSL: seen=0.7754, unseen=0.1776, h=0.2891 ZSL: unseen accuracy=0.5908
[30/120]  Loss_D: -29.5289 Loss_G: 4.8229, Wasserstein_dist:39.8084, vae_loss_seen:446.9769 GZSL: seen=0.7848, unseen=0.1981, h=0.3163 ZSL: unseen accuracy=0.5734
[31/120]  Loss_D: -29.1253 Loss_G: 4.9379, Wasserstein_dist:39.3954, vae_loss_seen:445.6726 GZSL: seen=0.7607, unseen=0.2087, h=0.3275 ZSL: unseen accuracy=0.5980
[32/120]  Loss_D: -28.7754 Loss_G: 4.7778, Wasserstein_dist:38.0805, vae_loss_seen:426.5510 GZSL: seen=0.8693, unseen=0.1983, h=0.3229 ZSL: unseen accuracy=0.5818
[33/120]  Loss_D: -26.8012 Loss_G: 4.7556, Wasserstein_dist:37.0329, vae_loss_seen:430.8714 GZSL: seen=0.8612, unseen=0.2225, h=0.3536 ZSL: unseen accuracy=0.5621
[34/120]  Loss_D: -27.2874 Loss_G: 4.6988, Wasserstein_dist:36.9248, vae_loss_seen:436.3036 GZSL: seen=0.7717, unseen=0.2888, h=0.4203 ZSL: unseen accuracy=0.5791
[35/120]  Loss_D: -23.3025 Loss_G: 4.5194, Wasserstein_dist:37.0799, vae_loss_seen:447.7076 GZSL: seen=0.7675, unseen=0.2503, h=0.3775 ZSL: unseen accuracy=0.5752
[36/120]  Loss_D: -27.9627 Loss_G: 4.5645, Wasserstein_dist:37.2827, vae_loss_seen:444.3198 GZSL: seen=0.8678, unseen=0.2479, h=0.3856 ZSL: unseen accuracy=0.5713
[37/120]  Loss_D: -25.1580 Loss_G: 4.4762, Wasserstein_dist:35.5900, vae_loss_seen:437.5489 GZSL: seen=0.8604, unseen=0.2802, h=0.4227 ZSL: unseen accuracy=0.6023
[38/120]  Loss_D: -24.3696 Loss_G: 4.4429, Wasserstein_dist:32.9707, vae_loss_seen:411.2510 GZSL: seen=0.8884, unseen=0.2601, h=0.4024 ZSL: unseen accuracy=0.5951
[39/120]  Loss_D: -25.3798 Loss_G: 4.4584, Wasserstein_dist:32.2908, vae_loss_seen:422.0291 GZSL: seen=0.7611, unseen=0.3322, h=0.4625 ZSL: unseen accuracy=0.6030
[40/120]  Loss_D: -22.9891 Loss_G: 4.3187, Wasserstein_dist:33.4334, vae_loss_seen:425.4569 GZSL: seen=0.8535, unseen=0.3227, h=0.4683 ZSL: unseen accuracy=0.6140
[41/120]  Loss_D: -24.4370 Loss_G: 4.3569, Wasserstein_dist:31.3872, vae_loss_seen:417.6084 GZSL: seen=0.7480, unseen=0.3355, h=0.4632 ZSL: unseen accuracy=0.5800
[42/120]  Loss_D: -23.9442 Loss_G: 4.3015, Wasserstein_dist:33.4339, vae_loss_seen:440.8167 GZSL: seen=0.7667, unseen=0.3049, h=0.4363 ZSL: unseen accuracy=0.5895
[43/120]  Loss_D: -24.3977 Loss_G: 4.2703, Wasserstein_dist:32.1946, vae_loss_seen:416.7642 GZSL: seen=0.8489, unseen=0.3392, h=0.4848 ZSL: unseen accuracy=0.6027
[44/120]  Loss_D: -21.2696 Loss_G: 4.1548, Wasserstein_dist:28.9759, vae_loss_seen:403.8973 GZSL: seen=0.7424, unseen=0.3805, h=0.5031 ZSL: unseen accuracy=0.5944
[45/120]  Loss_D: -23.5887 Loss_G: 4.1191, Wasserstein_dist:30.5694, vae_loss_seen:425.5923 GZSL: seen=0.7320, unseen=0.3956, h=0.5137 ZSL: unseen accuracy=0.6072
[46/120]  Loss_D: -25.0696 Loss_G: 4.1058, Wasserstein_dist:31.6208, vae_loss_seen:432.9540 GZSL: seen=0.8524, unseen=0.3608, h=0.5070 ZSL: unseen accuracy=0.6063
[47/120]  Loss_D: -24.1950 Loss_G: 3.9549, Wasserstein_dist:31.9135, vae_loss_seen:436.2841 GZSL: seen=0.8385, unseen=0.3543, h=0.4981 ZSL: unseen accuracy=0.6222
[48/120]  Loss_D: -23.7107 Loss_G: 3.9238, Wasserstein_dist:30.0310, vae_loss_seen:412.0285 GZSL: seen=0.7126, unseen=0.4046, h=0.5161 ZSL: unseen accuracy=0.6249
[49/120]  Loss_D: -24.0050 Loss_G: 3.9955, Wasserstein_dist:30.9499, vae_loss_seen:433.8618 GZSL: seen=0.8311, unseen=0.3640, h=0.5062 ZSL: unseen accuracy=0.6199
[50/120]  Loss_D: -19.2197 Loss_G: 3.7482, Wasserstein_dist:29.5461, vae_loss_seen:425.5633 GZSL: seen=0.8312, unseen=0.3657, h=0.5079 ZSL: unseen accuracy=0.6245
[51/120]  Loss_D: -21.7787 Loss_G: 3.7868, Wasserstein_dist:29.5849, vae_loss_seen:432.8852 GZSL: seen=0.8266, unseen=0.3949, h=0.5345 ZSL: unseen accuracy=0.6332
[52/120]  Loss_D: -23.5505 Loss_G: 3.8104, Wasserstein_dist:31.3126, vae_loss_seen:428.8248 GZSL: seen=0.8238, unseen=0.3993, h=0.5379 ZSL: unseen accuracy=0.6166
[53/120]  Loss_D: -20.5141 Loss_G: 3.7601, Wasserstein_dist:27.8436, vae_loss_seen:414.5698 GZSL: seen=0.7031, unseen=0.4527, h=0.5508 ZSL: unseen accuracy=0.6213
[54/120]  Loss_D: -19.5980 Loss_G: 3.6376, Wasserstein_dist:26.8696, vae_loss_seen:409.3062 GZSL: seen=0.6923, unseen=0.4523, h=0.5471 ZSL: unseen accuracy=0.6248
[55/120]  Loss_D: -19.2145 Loss_G: 3.6171, Wasserstein_dist:25.3130, vae_loss_seen:407.2745 GZSL: seen=0.8206, unseen=0.4238, h=0.5589 ZSL: unseen accuracy=0.6296
[56/120]  Loss_D: -24.5866 Loss_G: 3.6968, Wasserstein_dist:30.6686, vae_loss_seen:432.0186 GZSL: seen=0.8237, unseen=0.4102, h=0.5476 ZSL: unseen accuracy=0.6388
[57/120]  Loss_D: -19.7944 Loss_G: 3.4703, Wasserstein_dist:27.5861, vae_loss_seen:413.9643 GZSL: seen=0.8168, unseen=0.4176, h=0.5527 ZSL: unseen accuracy=0.6313
[58/120]  Loss_D: -16.9810 Loss_G: 3.4551, Wasserstein_dist:25.1658, vae_loss_seen:401.4127 GZSL: seen=0.8186, unseen=0.4432, h=0.5751 ZSL: unseen accuracy=0.6410
[59/120]  Loss_D: -21.6142 Loss_G: 3.4542, Wasserstein_dist:28.9947, vae_loss_seen:427.6152 GZSL: seen=0.6856, unseen=0.4632, h=0.5529 ZSL: unseen accuracy=0.6497
[60/120]  Loss_D: -17.8496 Loss_G: 3.4011, Wasserstein_dist:25.2583, vae_loss_seen:397.6219 GZSL: seen=0.8241, unseen=0.4231, h=0.5591 ZSL: unseen accuracy=0.6510
[61/120]  Loss_D: -18.5138 Loss_G: 3.3360, Wasserstein_dist:25.2677, vae_loss_seen:406.6566 GZSL: seen=0.8199, unseen=0.4295, h=0.5637 ZSL: unseen accuracy=0.6540
[62/120]  Loss_D: -21.2667 Loss_G: 3.3280, Wasserstein_dist:28.5214, vae_loss_seen:423.8622 GZSL: seen=0.8101, unseen=0.4660, h=0.5917 ZSL: unseen accuracy=0.6522
[63/120]  Loss_D: -22.6716 Loss_G: 3.2701, Wasserstein_dist:28.7010, vae_loss_seen:425.9171 GZSL: seen=0.8172, unseen=0.4474, h=0.5783 ZSL: unseen accuracy=0.6311
[64/120]  Loss_D: -19.8773 Loss_G: 3.1825, Wasserstein_dist:25.8391, vae_loss_seen:414.9485 GZSL: seen=0.8072, unseen=0.4610, h=0.5869 ZSL: unseen accuracy=0.6376
[65/120]  Loss_D: -19.0936 Loss_G: 3.2202, Wasserstein_dist:27.2519, vae_loss_seen:415.5687 GZSL: seen=0.8084, unseen=0.4457, h=0.5746 ZSL: unseen accuracy=0.6442
[66/120]  Loss_D: -21.8784 Loss_G: 3.1186, Wasserstein_dist:28.0846, vae_loss_seen:426.3322 GZSL: seen=0.8051, unseen=0.4462, h=0.5742 ZSL: unseen accuracy=0.6190
[67/120]  Loss_D: -20.4468 Loss_G: 3.0501, Wasserstein_dist:26.9706, vae_loss_seen:413.2217 GZSL: seen=0.8071, unseen=0.4652, h=0.5902 ZSL: unseen accuracy=0.6479
[68/120]  Loss_D: -15.0860 Loss_G: 3.0322, Wasserstein_dist:24.4902, vae_loss_seen:411.8916 GZSL: seen=0.7990, unseen=0.4753, h=0.5960 ZSL: unseen accuracy=0.6583
[69/120]  Loss_D: -21.1987 Loss_G: 2.9597, Wasserstein_dist:26.4300, vae_loss_seen:416.4071 GZSL: seen=0.7996, unseen=0.4802, h=0.6000 ZSL: unseen accuracy=0.6681
[70/120]  Loss_D: -19.6753 Loss_G: 2.9268, Wasserstein_dist:26.9612, vae_loss_seen:422.3690 GZSL: seen=0.6742, unseen=0.5245, h=0.5900 ZSL: unseen accuracy=0.6726
[71/120]  Loss_D: -20.5068 Loss_G: 2.9489, Wasserstein_dist:26.0967, vae_loss_seen:410.8298 GZSL: seen=0.7990, unseen=0.4731, h=0.5943 ZSL: unseen accuracy=0.6529
[72/120]  Loss_D: -19.2594 Loss_G: 2.8565, Wasserstein_dist:27.1368, vae_loss_seen:418.6487 GZSL: seen=0.8078, unseen=0.4963, h=0.6148 ZSL: unseen accuracy=0.6594
[73/120]  Loss_D: -17.2135 Loss_G: 2.7218, Wasserstein_dist:24.9464, vae_loss_seen:405.2392 GZSL: seen=0.8040, unseen=0.4725, h=0.5952 ZSL: unseen accuracy=0.6556
[74/120]  Loss_D: -19.4452 Loss_G: 2.8911, Wasserstein_dist:25.4157, vae_loss_seen:406.8366 GZSL: seen=0.8006, unseen=0.4946, h=0.6115 ZSL: unseen accuracy=0.6642
[75/120]  Loss_D: -18.7166 Loss_G: 2.7634, Wasserstein_dist:24.2876, vae_loss_seen:396.9597 GZSL: seen=0.7910, unseen=0.4947, h=0.6087 ZSL: unseen accuracy=0.6462
[76/120]  Loss_D: -19.1528 Loss_G: 2.7230, Wasserstein_dist:24.3807, vae_loss_seen:404.1328 GZSL: seen=0.8026, unseen=0.4795, h=0.6003 ZSL: unseen accuracy=0.6525
[77/120]  Loss_D: -20.8657 Loss_G: 2.6019, Wasserstein_dist:26.2112, vae_loss_seen:416.9975 GZSL: seen=0.8030, unseen=0.5019, h=0.6177 ZSL: unseen accuracy=0.6820
[78/120]  Loss_D: -17.7524 Loss_G: 2.6624, Wasserstein_dist:24.9336, vae_loss_seen:403.2695 GZSL: seen=0.8015, unseen=0.4956, h=0.6125 ZSL: unseen accuracy=0.6491
[79/120]  Loss_D: -17.5414 Loss_G: 2.5486, Wasserstein_dist:24.3852, vae_loss_seen:410.4969 GZSL: seen=0.7981, unseen=0.4994, h=0.6143 ZSL: unseen accuracy=0.6583
[80/120]  Loss_D: -22.0887 Loss_G: 2.4194, Wasserstein_dist:28.4511, vae_loss_seen:435.7235 GZSL: seen=0.8049, unseen=0.5055, h=0.6210 ZSL: unseen accuracy=0.6720
[81/120]  Loss_D: -19.9107 Loss_G: 2.6018, Wasserstein_dist:25.4344, vae_loss_seen:415.5007 GZSL: seen=0.7922, unseen=0.5107, h=0.6211 ZSL: unseen accuracy=0.6593
[82/120]  Loss_D: -16.9632 Loss_G: 2.4777, Wasserstein_dist:23.5036, vae_loss_seen:395.0372 GZSL: seen=0.7914, unseen=0.4998, h=0.6127 ZSL: unseen accuracy=0.6549
[83/120]  Loss_D: -21.5601 Loss_G: 2.4589, Wasserstein_dist:27.6941, vae_loss_seen:423.1638 GZSL: seen=0.7968, unseen=0.5067, h=0.6194 ZSL: unseen accuracy=0.6771
[84/120]  Loss_D: -20.0996 Loss_G: 2.4214, Wasserstein_dist:26.0904, vae_loss_seen:420.1290 GZSL: seen=0.7965, unseen=0.5008, h=0.6149 ZSL: unseen accuracy=0.6536
[85/120]  Loss_D: -16.8380 Loss_G: 2.3001, Wasserstein_dist:24.0774, vae_loss_seen:401.8068 GZSL: seen=0.7986, unseen=0.5177, h=0.6282 ZSL: unseen accuracy=0.6561
[86/120]  Loss_D: -22.3234 Loss_G: 2.2474, Wasserstein_dist:28.4328, vae_loss_seen:428.3394 GZSL: seen=0.7925, unseen=0.5071, h=0.6184 ZSL: unseen accuracy=0.6570
[87/120]  Loss_D: -19.8831 Loss_G: 2.3266, Wasserstein_dist:25.3573, vae_loss_seen:400.6233 GZSL: seen=0.8042, unseen=0.5164, h=0.6289 ZSL: unseen accuracy=0.6988
[88/120]  Loss_D: -18.8181 Loss_G: 2.2500, Wasserstein_dist:23.7299, vae_loss_seen:394.9385 GZSL: seen=0.8007, unseen=0.5203, h=0.6308 ZSL: unseen accuracy=0.6521
[89/120]  Loss_D: -18.0745 Loss_G: 2.1906, Wasserstein_dist:24.4634, vae_loss_seen:402.3378 GZSL: seen=0.7959, unseen=0.5251, h=0.6327 ZSL: unseen accuracy=0.6700
[90/120]  Loss_D: -19.2284 Loss_G: 2.3239, Wasserstein_dist:23.5955, vae_loss_seen:398.8275 GZSL: seen=0.7990, unseen=0.5113, h=0.6236 ZSL: unseen accuracy=0.6796
[91/120]  Loss_D: -16.1192 Loss_G: 2.1696, Wasserstein_dist:23.3230, vae_loss_seen:398.3975 GZSL: seen=0.7965, unseen=0.5129, h=0.6239 ZSL: unseen accuracy=0.6519
[92/120]  Loss_D: -18.3615 Loss_G: 2.0958, Wasserstein_dist:25.4276, vae_loss_seen:400.2948 GZSL: seen=0.7871, unseen=0.5249, h=0.6298 ZSL: unseen accuracy=0.6597
[93/120]  Loss_D: -15.7640 Loss_G: 2.1244, Wasserstein_dist:21.6801, vae_loss_seen:381.0844 GZSL: seen=0.7966, unseen=0.5120, h=0.6233 ZSL: unseen accuracy=0.6630
[94/120]  Loss_D: -18.5583 Loss_G: 2.1406, Wasserstein_dist:24.0938, vae_loss_seen:396.8593 GZSL: seen=0.8049, unseen=0.5028, h=0.6190 ZSL: unseen accuracy=0.6563
[95/120]  Loss_D: -16.4703 Loss_G: 2.0545, Wasserstein_dist:22.9510, vae_loss_seen:383.7563 GZSL: seen=0.7926, unseen=0.5384, h=0.6412 ZSL: unseen accuracy=0.6646
[96/120]  Loss_D: -18.0663 Loss_G: 1.8934, Wasserstein_dist:24.2536, vae_loss_seen:402.5532 GZSL: seen=0.7991, unseen=0.5066, h=0.6201 ZSL: unseen accuracy=0.6747
[97/120]  Loss_D: -15.3659 Loss_G: 1.9709, Wasserstein_dist:23.1155, vae_loss_seen:394.3105 GZSL: seen=0.7977, unseen=0.5186, h=0.6285 ZSL: unseen accuracy=0.6668
[98/120]  Loss_D: -17.1042 Loss_G: 1.9307, Wasserstein_dist:23.1918, vae_loss_seen:401.7166 GZSL: seen=0.7858, unseen=0.5626, h=0.6557 ZSL: unseen accuracy=0.6704
[99/120]  Loss_D: -15.8457 Loss_G: 1.9523, Wasserstein_dist:22.7346, vae_loss_seen:390.1703 GZSL: seen=0.7922, unseen=0.5122, h=0.6222 ZSL: unseen accuracy=0.6539
[100/120]  Loss_D: -17.6008 Loss_G: 1.8993, Wasserstein_dist:22.7428, vae_loss_seen:380.8206 GZSL: seen=0.7919, unseen=0.5277, h=0.6334 ZSL: unseen accuracy=0.6644
[101/120]  Loss_D: -16.5900 Loss_G: 1.8351, Wasserstein_dist:22.8183, vae_loss_seen:393.5940 GZSL: seen=0.7890, unseen=0.5504, h=0.6485 ZSL: unseen accuracy=0.6980
[102/120]  Loss_D: -16.4620 Loss_G: 1.7479, Wasserstein_dist:24.9806, vae_loss_seen:408.6616 GZSL: seen=0.7976, unseen=0.5227, h=0.6315 ZSL: unseen accuracy=0.6614
[103/120]  Loss_D: -16.6285 Loss_G: 1.7998, Wasserstein_dist:22.3542, vae_loss_seen:379.7671 GZSL: seen=0.7902, unseen=0.5393, h=0.6411 ZSL: unseen accuracy=0.6639
[104/120]  Loss_D: -18.2179 Loss_G: 1.7304, Wasserstein_dist:25.4999, vae_loss_seen:402.6541 GZSL: seen=0.7874, unseen=0.5637, h=0.6571 ZSL: unseen accuracy=0.6917
[105/120]  Loss_D: -17.0967 Loss_G: 1.7022, Wasserstein_dist:23.0614, vae_loss_seen:394.0939 GZSL: seen=0.7945, unseen=0.5314, h=0.6368 ZSL: unseen accuracy=0.6573
[106/120]  Loss_D: -18.5736 Loss_G: 1.6855, Wasserstein_dist:24.0496, vae_loss_seen:413.6120 GZSL: seen=0.8009, unseen=0.5280, h=0.6364 ZSL: unseen accuracy=0.6806
[107/120]  Loss_D: -18.3129 Loss_G: 1.6791, Wasserstein_dist:24.7142, vae_loss_seen:393.9190 GZSL: seen=0.7904, unseen=0.5405, h=0.6420 ZSL: unseen accuracy=0.6813
[108/120]  Loss_D: -17.7291 Loss_G: 1.7122, Wasserstein_dist:23.6192, vae_loss_seen:393.1570 GZSL: seen=0.7927, unseen=0.5432, h=0.6446 ZSL: unseen accuracy=0.7070
[109/120]  Loss_D: -16.7516 Loss_G: 1.5776, Wasserstein_dist:23.3682, vae_loss_seen:397.3794 GZSL: seen=0.6570, unseen=0.6212, h=0.6386 ZSL: unseen accuracy=0.6750
[110/120]  Loss_D: -19.3512 Loss_G: 1.5730, Wasserstein_dist:24.2932, vae_loss_seen:399.6821 GZSL: seen=0.7958, unseen=0.5336, h=0.6388 ZSL: unseen accuracy=0.6510
[111/120]  Loss_D: -18.5869 Loss_G: 1.5921, Wasserstein_dist:23.5636, vae_loss_seen:398.2659 GZSL: seen=0.7871, unseen=0.5463, h=0.6449 ZSL: unseen accuracy=0.6639
[112/120]  Loss_D: -19.3020 Loss_G: 1.4500, Wasserstein_dist:25.5268, vae_loss_seen:409.3764 GZSL: seen=0.7859, unseen=0.5343, h=0.6361 ZSL: unseen accuracy=0.6845
[113/120]  Loss_D: -18.8872 Loss_G: 1.5021, Wasserstein_dist:25.2256, vae_loss_seen:410.6334 GZSL: seen=0.6817, unseen=0.6097, h=0.6437 ZSL: unseen accuracy=0.6692
[114/120]  Loss_D: -19.8201 Loss_G: 1.4392, Wasserstein_dist:25.1942, vae_loss_seen:407.8706 GZSL: seen=0.7948, unseen=0.5469, h=0.6480 ZSL: unseen accuracy=0.6869
[115/120]  Loss_D: -20.1650 Loss_G: 1.4376, Wasserstein_dist:25.0996, vae_loss_seen:402.2256 GZSL: seen=0.7926, unseen=0.5472, h=0.6474 ZSL: unseen accuracy=0.6830
[116/120]  Loss_D: -20.0593 Loss_G: 1.3905, Wasserstein_dist:25.4622, vae_loss_seen:405.4272 GZSL: seen=0.7892, unseen=0.5274, h=0.6323 ZSL: unseen accuracy=0.6629
[117/120]  Loss_D: -16.6371 Loss_G: 1.3751, Wasserstein_dist:23.3365, vae_loss_seen:393.7706 GZSL: seen=0.7965, unseen=0.5273, h=0.6345 ZSL: unseen accuracy=0.6657
[118/120]  Loss_D: -16.1041 Loss_G: 1.3489, Wasserstein_dist:22.8480, vae_loss_seen:389.9777 GZSL: seen=0.7938, unseen=0.5387, h=0.6418 ZSL: unseen accuracy=0.6789
[119/120]  Loss_D: -17.1844 Loss_G: 1.2157, Wasserstein_dist:23.6733, vae_loss_seen:399.2360 GZSL: seen=0.7942, unseen=0.5387, h=0.6420 ZSL: unseen accuracy=0.6610
[120/120]  Loss_D: -19.2964 Loss_G: 1.1649, Wasserstein_dist:25.3506, vae_loss_seen:404.0320 GZSL: seen=0.8032, unseen=0.5413, h=0.6468 ZSL: unseen accuracy=0.6930
Best h-score = 0.6571 (obtained at iteration-104)
- BE SURE TO SELECT THE MODEL TRAINED FOR 104 ITERATIONS ON TEST SET AS FINAL MODEL.

HYPER-PARAMETERS
dataset                       :AWA2
dataroot                      :../data
image_embedding               :res101
class_embedding               :att
syn_num                       :1800
gzsl                          :True
preprocessing                 :True
standardization               :False
workers                       :8
batch_size                    :64
resSize                       :2048
attSize                       :85
nz                            :85
ngh                           :4096
ndh                           :4096
nepoch                        :120
critic_iter                   :5
lambda1                       :10.0
lr                            :1e-05
feed_lr                       :0.0001
dec_lr                        :0.0001
classifier_lr                 :0.001
beta1                         :0.5
cuda                          :True
encoded_noise                 :True
manualSeed                    :9182
nclass_all                    :50
validation                    :False
encoder_layer_sizes           :[2048, 4096]
decoder_layer_sizes           :[4096, 2048]
gammaD                        :10
gammaG                        :10
latent_size                   :85
conditional                   :True
a1                            :0.01
a2                            :0.01
recons_weight                 :0.1
feedback_loop                 :1
freeze_dec                    :True
sample_probing                :True
n_task                        :1
n_probe_train                 :10
n_probe_val                   :7
k_probe_train                 :1
k_probe_val                   :10
n_subset                      :5
alpha                         :2.0
gamma                         :0.0
lamb                          :0.001
n_syn                         :15
sample_probing_loss_weight    :5.0
sample_probing_loss_type      :zsl
closed_form_model_type        :sem2vis
finetune                      :False
lambda2                       :10.0
- BE SURE THAT THE HYPERPARAMETERS (INCLUDING THE NUMBER OF ITERATIONS) ARE TUNED ON VALIDATION SET FOR THE FINAL TEST RUN.
[1/120]  Loss_D: -16.1432 Loss_G: 5.4767, Wasserstein_dist:18.7928, vae_loss_seen:518.7142 GZSL: seen=0.0000, unseen=0.0000, h=0.0000 ZSL: unseen accuracy=0.1097
[2/120]  Loss_D: -28.2749 Loss_G: 3.9412, Wasserstein_dist:33.6850, vae_loss_seen:448.0037 GZSL: seen=0.7406, unseen=0.0021, h=0.0042 ZSL: unseen accuracy=0.2738
[3/120]  Loss_D: -30.9529 Loss_G: 4.4718, Wasserstein_dist:39.9748, vae_loss_seen:442.4024 GZSL: seen=0.7211, unseen=0.0005, h=0.0010 ZSL: unseen accuracy=0.2830
[4/120]  Loss_D: -34.7841 Loss_G: 4.9590, Wasserstein_dist:46.0524, vae_loss_seen:461.5295 GZSL: seen=0.7410, unseen=0.0026, h=0.0052 ZSL: unseen accuracy=0.3704
[5/120]  Loss_D: -35.4199 Loss_G: 5.2099, Wasserstein_dist:45.5059, vae_loss_seen:437.7531 GZSL: seen=0.7576, unseen=0.0009, h=0.0018 ZSL: unseen accuracy=0.4409
[6/120]  Loss_D: -36.0530 Loss_G: 5.3687, Wasserstein_dist:51.6170, vae_loss_seen:468.2693 GZSL: seen=0.7644, unseen=0.0032, h=0.0063 ZSL: unseen accuracy=0.5169
[7/120]  Loss_D: -35.2400 Loss_G: 5.7695, Wasserstein_dist:50.8985, vae_loss_seen:450.2647 GZSL: seen=0.9321, unseen=0.0158, h=0.0311 ZSL: unseen accuracy=0.5182
[8/120]  Loss_D: -30.9989 Loss_G: 5.8633, Wasserstein_dist:45.7117, vae_loss_seen:428.5041 GZSL: seen=0.9296, unseen=0.0352, h=0.0679 ZSL: unseen accuracy=0.5165
[9/120]  Loss_D: -36.0367 Loss_G: 5.7678, Wasserstein_dist:48.6352, vae_loss_seen:436.3185 GZSL: seen=0.9305, unseen=0.0436, h=0.0833 ZSL: unseen accuracy=0.5048
[10/120]  Loss_D: -35.4810 Loss_G: 5.7588, Wasserstein_dist:46.6851, vae_loss_seen:423.3228 GZSL: seen=0.9304, unseen=0.0626, h=0.1173 ZSL: unseen accuracy=0.4726
[11/120]  Loss_D: -35.3956 Loss_G: 5.5629, Wasserstein_dist:48.3764, vae_loss_seen:431.4045 GZSL: seen=0.9238, unseen=0.0805, h=0.1481 ZSL: unseen accuracy=0.4026
[12/120]  Loss_D: -35.3658 Loss_G: 5.5188, Wasserstein_dist:45.6039, vae_loss_seen:430.7061 GZSL: seen=0.9232, unseen=0.0837, h=0.1534 ZSL: unseen accuracy=0.4464
[13/120]  Loss_D: -31.4573 Loss_G: 5.4507, Wasserstein_dist:41.3613, vae_loss_seen:416.0479 GZSL: seen=0.9241, unseen=0.0899, h=0.1638 ZSL: unseen accuracy=0.4076
[14/120]  Loss_D: -31.0059 Loss_G: 5.2783, Wasserstein_dist:43.9228, vae_loss_seen:425.1507 GZSL: seen=0.9097, unseen=0.0933, h=0.1692 ZSL: unseen accuracy=0.4461
[15/120]  Loss_D: -27.3463 Loss_G: 5.2532, Wasserstein_dist:38.8699, vae_loss_seen:422.8534 GZSL: seen=0.9204, unseen=0.1086, h=0.1943 ZSL: unseen accuracy=0.4390
[16/120]  Loss_D: -25.0090 Loss_G: 5.0432, Wasserstein_dist:38.1961, vae_loss_seen:417.5029 GZSL: seen=0.9051, unseen=0.1251, h=0.2197 ZSL: unseen accuracy=0.5037
[17/120]  Loss_D: -28.7026 Loss_G: 5.0024, Wasserstein_dist:38.4787, vae_loss_seen:416.7896 GZSL: seen=0.7751, unseen=0.1526, h=0.2550 ZSL: unseen accuracy=0.5094
[18/120]  Loss_D: -28.8953 Loss_G: 5.0003, Wasserstein_dist:37.9207, vae_loss_seen:425.0855 GZSL: seen=0.7761, unseen=0.1915, h=0.3072 ZSL: unseen accuracy=0.5196
[19/120]  Loss_D: -24.8156 Loss_G: 4.6946, Wasserstein_dist:34.0216, vae_loss_seen:408.0979 GZSL: seen=0.8795, unseen=0.1683, h=0.2825 ZSL: unseen accuracy=0.5328
[20/120]  Loss_D: -23.6974 Loss_G: 4.7265, Wasserstein_dist:31.1549, vae_loss_seen:397.0618 GZSL: seen=0.7670, unseen=0.1881, h=0.3021 ZSL: unseen accuracy=0.5322
[21/120]  Loss_D: -22.0514 Loss_G: 4.6691, Wasserstein_dist:31.3419, vae_loss_seen:405.0237 GZSL: seen=0.7625, unseen=0.2394, h=0.3643 ZSL: unseen accuracy=0.5566
[22/120]  Loss_D: -24.0116 Loss_G: 4.5416, Wasserstein_dist:31.6429, vae_loss_seen:412.9740 GZSL: seen=0.8714, unseen=0.2308, h=0.3649 ZSL: unseen accuracy=0.5555
[23/120]  Loss_D: -22.1813 Loss_G: 4.5221, Wasserstein_dist:29.4961, vae_loss_seen:400.1332 GZSL: seen=0.7572, unseen=0.2342, h=0.3577 ZSL: unseen accuracy=0.5491
[24/120]  Loss_D: -20.3014 Loss_G: 4.4041, Wasserstein_dist:28.8720, vae_loss_seen:398.9039 GZSL: seen=0.8717, unseen=0.2368, h=0.3725 ZSL: unseen accuracy=0.5787
[25/120]  Loss_D: -20.4846 Loss_G: 4.1704, Wasserstein_dist:28.1220, vae_loss_seen:403.9091 GZSL: seen=0.8953, unseen=0.2299, h=0.3658 ZSL: unseen accuracy=0.5860
[26/120]  Loss_D: -20.2990 Loss_G: 4.1815, Wasserstein_dist:28.1431, vae_loss_seen:401.1865 GZSL: seen=0.7500, unseen=0.2842, h=0.4122 ZSL: unseen accuracy=0.5715
[27/120]  Loss_D: -18.7327 Loss_G: 4.0747, Wasserstein_dist:25.7868, vae_loss_seen:393.5572 GZSL: seen=0.7503, unseen=0.2992, h=0.4278 ZSL: unseen accuracy=0.5846
[28/120]  Loss_D: -22.1393 Loss_G: 3.9398, Wasserstein_dist:30.1572, vae_loss_seen:421.3870 GZSL: seen=0.7255, unseen=0.3089, h=0.4333 ZSL: unseen accuracy=0.5960
[29/120]  Loss_D: -18.8676 Loss_G: 3.9440, Wasserstein_dist:26.6202, vae_loss_seen:405.3911 GZSL: seen=0.7398, unseen=0.3099, h=0.4368 ZSL: unseen accuracy=0.5849
[30/120]  Loss_D: -21.5960 Loss_G: 3.8135, Wasserstein_dist:27.8703, vae_loss_seen:406.6051 GZSL: seen=0.7355, unseen=0.3427, h=0.4676 ZSL: unseen accuracy=0.6117
[31/120]  Loss_D: -20.3678 Loss_G: 3.7256, Wasserstein_dist:26.3717, vae_loss_seen:405.3835 GZSL: seen=0.7181, unseen=0.3507, h=0.4712 ZSL: unseen accuracy=0.5905
[32/120]  Loss_D: -18.7185 Loss_G: 3.6371, Wasserstein_dist:25.7897, vae_loss_seen:410.3869 GZSL: seen=0.7238, unseen=0.3524, h=0.4740 ZSL: unseen accuracy=0.6202
[33/120]  Loss_D: -20.7051 Loss_G: 3.6883, Wasserstein_dist:26.7529, vae_loss_seen:414.5133 GZSL: seen=0.7221, unseen=0.3834, h=0.5009 ZSL: unseen accuracy=0.6140
[34/120]  Loss_D: -19.0843 Loss_G: 3.5978, Wasserstein_dist:25.5139, vae_loss_seen:405.7633 GZSL: seen=0.7311, unseen=0.3534, h=0.4765 ZSL: unseen accuracy=0.6071
[35/120]  Loss_D: -18.6987 Loss_G: 3.4865, Wasserstein_dist:25.1048, vae_loss_seen:405.0834 GZSL: seen=0.7306, unseen=0.3645, h=0.4863 ZSL: unseen accuracy=0.6113
[36/120]  Loss_D: -18.5390 Loss_G: 3.3999, Wasserstein_dist:24.0724, vae_loss_seen:388.5844 GZSL: seen=0.7279, unseen=0.3915, h=0.5092 ZSL: unseen accuracy=0.6146
[37/120]  Loss_D: -16.3584 Loss_G: 3.3004, Wasserstein_dist:22.6011, vae_loss_seen:383.7683 GZSL: seen=0.7179, unseen=0.4256, h=0.5344 ZSL: unseen accuracy=0.6201
[38/120]  Loss_D: -17.3451 Loss_G: 3.1235, Wasserstein_dist:23.9339, vae_loss_seen:394.1167 GZSL: seen=0.7077, unseen=0.4205, h=0.5275 ZSL: unseen accuracy=0.6386
[39/120]  Loss_D: -18.1791 Loss_G: 3.1159, Wasserstein_dist:24.8057, vae_loss_seen:397.7648 GZSL: seen=0.7164, unseen=0.4443, h=0.5485 ZSL: unseen accuracy=0.6297
[40/120]  Loss_D: -18.1978 Loss_G: 3.0780, Wasserstein_dist:24.0574, vae_loss_seen:395.9785 GZSL: seen=0.7254, unseen=0.4312, h=0.5409 ZSL: unseen accuracy=0.6190
[41/120]  Loss_D: -15.0660 Loss_G: 3.1357, Wasserstein_dist:21.1952, vae_loss_seen:380.8349 GZSL: seen=0.7226, unseen=0.4296, h=0.5389 ZSL: unseen accuracy=0.6171
[42/120]  Loss_D: -18.6135 Loss_G: 3.1105, Wasserstein_dist:22.4301, vae_loss_seen:384.6974 GZSL: seen=0.7238, unseen=0.4609, h=0.5632 ZSL: unseen accuracy=0.6203
[43/120]  Loss_D: -17.2257 Loss_G: 2.9188, Wasserstein_dist:22.6482, vae_loss_seen:391.9458 GZSL: seen=0.7205, unseen=0.4466, h=0.5514 ZSL: unseen accuracy=0.6411
[44/120]  Loss_D: -16.6338 Loss_G: 2.6565, Wasserstein_dist:23.0424, vae_loss_seen:391.5544 GZSL: seen=0.7284, unseen=0.4491, h=0.5556 ZSL: unseen accuracy=0.6178
[45/120]  Loss_D: -17.2960 Loss_G: 2.6009, Wasserstein_dist:24.2395, vae_loss_seen:395.9969 GZSL: seen=0.7276, unseen=0.4465, h=0.5534 ZSL: unseen accuracy=0.6292
[46/120]  Loss_D: -16.0339 Loss_G: 2.5787, Wasserstein_dist:23.2081, vae_loss_seen:389.7146 GZSL: seen=0.7119, unseen=0.4765, h=0.5709 ZSL: unseen accuracy=0.6337
[47/120]  Loss_D: -16.4963 Loss_G: 2.5554, Wasserstein_dist:22.1827, vae_loss_seen:385.6143 GZSL: seen=0.7249, unseen=0.4936, h=0.5873 ZSL: unseen accuracy=0.6335
[48/120]  Loss_D: -15.1626 Loss_G: 2.4987, Wasserstein_dist:21.4071, vae_loss_seen:387.0030 GZSL: seen=0.7251, unseen=0.4375, h=0.5457 ZSL: unseen accuracy=0.6330
[49/120]  Loss_D: -14.1428 Loss_G: 2.3846, Wasserstein_dist:22.3446, vae_loss_seen:385.0526 GZSL: seen=0.7309, unseen=0.4839, h=0.5823 ZSL: unseen accuracy=0.6460
[50/120]  Loss_D: -17.0932 Loss_G: 2.4402, Wasserstein_dist:22.9495, vae_loss_seen:402.2430 GZSL: seen=0.7286, unseen=0.4554, h=0.5605 ZSL: unseen accuracy=0.6334
[51/120]  Loss_D: -16.7534 Loss_G: 2.4198, Wasserstein_dist:20.9617, vae_loss_seen:378.5404 GZSL: seen=0.7155, unseen=0.5092, h=0.5949 ZSL: unseen accuracy=0.6291
[52/120]  Loss_D: -19.2249 Loss_G: 2.3044, Wasserstein_dist:23.6051, vae_loss_seen:398.7588 GZSL: seen=0.7304, unseen=0.4993, h=0.5931 ZSL: unseen accuracy=0.6409
[53/120]  Loss_D: -15.7836 Loss_G: 2.1651, Wasserstein_dist:21.3193, vae_loss_seen:372.2392 GZSL: seen=0.7203, unseen=0.5103, h=0.5974 ZSL: unseen accuracy=0.6329
[54/120]  Loss_D: -15.2839 Loss_G: 2.1791, Wasserstein_dist:21.7664, vae_loss_seen:388.3476 GZSL: seen=0.7154, unseen=0.5007, h=0.5891 ZSL: unseen accuracy=0.6363
[55/120]  Loss_D: -16.4690 Loss_G: 2.1481, Wasserstein_dist:21.4705, vae_loss_seen:377.2121 GZSL: seen=0.7196, unseen=0.5007, h=0.5905 ZSL: unseen accuracy=0.6436
[56/120]  Loss_D: -13.6873 Loss_G: 1.9659, Wasserstein_dist:19.9832, vae_loss_seen:372.8027 GZSL: seen=0.7203, unseen=0.4818, h=0.5774 ZSL: unseen accuracy=0.6518
[57/120]  Loss_D: -16.1272 Loss_G: 1.9300, Wasserstein_dist:22.7233, vae_loss_seen:388.8725 GZSL: seen=0.7277, unseen=0.5113, h=0.6006 ZSL: unseen accuracy=0.6444
[58/120]  Loss_D: -16.2247 Loss_G: 1.9391, Wasserstein_dist:21.5646, vae_loss_seen:378.5903 GZSL: seen=0.7258, unseen=0.5148, h=0.6023 ZSL: unseen accuracy=0.6472
[59/120]  Loss_D: -16.9680 Loss_G: 1.8867, Wasserstein_dist:22.1815, vae_loss_seen:384.6245 GZSL: seen=0.7160, unseen=0.5307, h=0.6096 ZSL: unseen accuracy=0.6426
[60/120]  Loss_D: -15.9073 Loss_G: 1.6856, Wasserstein_dist:21.1235, vae_loss_seen:373.5266 GZSL: seen=0.7280, unseen=0.5259, h=0.6106 ZSL: unseen accuracy=0.6369
[61/120]  Loss_D: -15.4383 Loss_G: 1.7942, Wasserstein_dist:20.2214, vae_loss_seen:374.2643 GZSL: seen=0.7327, unseen=0.5178, h=0.6068 ZSL: unseen accuracy=0.6635
[62/120]  Loss_D: -13.4607 Loss_G: 1.6214, Wasserstein_dist:21.5977, vae_loss_seen:380.9194 GZSL: seen=0.7287, unseen=0.5258, h=0.6108 ZSL: unseen accuracy=0.6477
[63/120]  Loss_D: -16.3058 Loss_G: 1.8524, Wasserstein_dist:20.3568, vae_loss_seen:373.1098 GZSL: seen=0.7259, unseen=0.5191, h=0.6054 ZSL: unseen accuracy=0.6445
[64/120]  Loss_D: -14.2500 Loss_G: 1.6011, Wasserstein_dist:20.3796, vae_loss_seen:362.2766 GZSL: seen=0.7161, unseen=0.5391, h=0.6151 ZSL: unseen accuracy=0.6458
[65/120]  Loss_D: -15.7761 Loss_G: 1.5114, Wasserstein_dist:21.5570, vae_loss_seen:387.7039 GZSL: seen=0.7326, unseen=0.5149, h=0.6048 ZSL: unseen accuracy=0.6512
[66/120]  Loss_D: -14.9449 Loss_G: 1.5085, Wasserstein_dist:19.8085, vae_loss_seen:365.2103 GZSL: seen=0.7331, unseen=0.5036, h=0.5970 ZSL: unseen accuracy=0.6684
[67/120]  Loss_D: -18.1965 Loss_G: 1.4618, Wasserstein_dist:21.5991, vae_loss_seen:374.9984 GZSL: seen=0.7301, unseen=0.5268, h=0.6120 ZSL: unseen accuracy=0.6591
[68/120]  Loss_D: -17.6991 Loss_G: 1.3766, Wasserstein_dist:23.1444, vae_loss_seen:388.3599 GZSL: seen=0.7264, unseen=0.5410, h=0.6202 ZSL: unseen accuracy=0.6639
[69/120]  Loss_D: -16.9486 Loss_G: 1.2866, Wasserstein_dist:23.6268, vae_loss_seen:385.7072 GZSL: seen=0.7251, unseen=0.5456, h=0.6227 ZSL: unseen accuracy=0.6578
[70/120]  Loss_D: -18.9244 Loss_G: 1.3031, Wasserstein_dist:24.4187, vae_loss_seen:408.8398 GZSL: seen=0.7341, unseen=0.5193, h=0.6083 ZSL: unseen accuracy=0.6523
[71/120]  Loss_D: -15.5613 Loss_G: 1.2652, Wasserstein_dist:22.2105, vae_loss_seen:385.4814 GZSL: seen=0.7312, unseen=0.5274, h=0.6128 ZSL: unseen accuracy=0.6564
[72/120]  Loss_D: -14.8014 Loss_G: 1.2568, Wasserstein_dist:20.6110, vae_loss_seen:370.3542 GZSL: seen=0.7251, unseen=0.5441, h=0.6216 ZSL: unseen accuracy=0.6679
[73/120]  Loss_D: -15.0618 Loss_G: 1.1727, Wasserstein_dist:20.5013, vae_loss_seen:366.7547 GZSL: seen=0.7274, unseen=0.5445, h=0.6228 ZSL: unseen accuracy=0.6580
[74/120]  Loss_D: -17.0551 Loss_G: 1.2251, Wasserstein_dist:21.6256, vae_loss_seen:370.5559 GZSL: seen=0.7275, unseen=0.5314, h=0.6142 ZSL: unseen accuracy=0.6557
[75/120]  Loss_D: -16.2797 Loss_G: 1.0228, Wasserstein_dist:21.0774, vae_loss_seen:377.0671 GZSL: seen=0.7370, unseen=0.5275, h=0.6149 ZSL: unseen accuracy=0.6634
[76/120]  Loss_D: -15.6834 Loss_G: 0.9678, Wasserstein_dist:21.9013, vae_loss_seen:380.3373 GZSL: seen=0.7276, unseen=0.5289, h=0.6125 ZSL: unseen accuracy=0.6709
[77/120]  Loss_D: -16.5703 Loss_G: 0.9624, Wasserstein_dist:22.5798, vae_loss_seen:389.1681 GZSL: seen=0.7317, unseen=0.5512, h=0.6287 ZSL: unseen accuracy=0.6575
[78/120]  Loss_D: -15.3913 Loss_G: 0.9245, Wasserstein_dist:20.5401, vae_loss_seen:362.2135 GZSL: seen=0.7310, unseen=0.5382, h=0.6200 ZSL: unseen accuracy=0.6781
[79/120]  Loss_D: -15.0035 Loss_G: 0.9339, Wasserstein_dist:20.4300, vae_loss_seen:356.8256 GZSL: seen=0.7354, unseen=0.5289, h=0.6153 ZSL: unseen accuracy=0.6680
[80/120]  Loss_D: -15.5786 Loss_G: 0.8615, Wasserstein_dist:20.8737, vae_loss_seen:369.2448 GZSL: seen=0.7390, unseen=0.5359, h=0.6213 ZSL: unseen accuracy=0.6708
[81/120]  Loss_D: -15.8441 Loss_G: 0.7788, Wasserstein_dist:20.5934, vae_loss_seen:365.5995 GZSL: seen=0.7499, unseen=0.5166, h=0.6118 ZSL: unseen accuracy=0.6685
[82/120]  Loss_D: -16.6598 Loss_G: 0.7882, Wasserstein_dist:21.4646, vae_loss_seen:381.2281 GZSL: seen=0.7281, unseen=0.5552, h=0.6300 ZSL: unseen accuracy=0.6675
[83/120]  Loss_D: -15.7577 Loss_G: 0.7353, Wasserstein_dist:20.9416, vae_loss_seen:362.9196 GZSL: seen=0.8143, unseen=0.4990, h=0.6188 ZSL: unseen accuracy=0.6716
[84/120]  Loss_D: -15.6167 Loss_G: 0.7676, Wasserstein_dist:20.8552, vae_loss_seen:368.7530 GZSL: seen=0.7231, unseen=0.5703, h=0.6376 ZSL: unseen accuracy=0.6730
[85/120]  Loss_D: -14.4985 Loss_G: 0.7555, Wasserstein_dist:19.8661, vae_loss_seen:360.7016 GZSL: seen=0.7362, unseen=0.5517, h=0.6307 ZSL: unseen accuracy=0.6625
[86/120]  Loss_D: -14.3300 Loss_G: 0.6975, Wasserstein_dist:19.6553, vae_loss_seen:361.5216 GZSL: seen=0.7401, unseen=0.5425, h=0.6261 ZSL: unseen accuracy=0.6657
[87/120]  Loss_D: -15.3395 Loss_G: 0.6342, Wasserstein_dist:20.2526, vae_loss_seen:363.2404 GZSL: seen=0.7405, unseen=0.5623, h=0.6393 ZSL: unseen accuracy=0.6639
[88/120]  Loss_D: -14.9603 Loss_G: 0.6499, Wasserstein_dist:19.7464, vae_loss_seen:346.4661 GZSL: seen=0.7260, unseen=0.5519, h=0.6271 ZSL: unseen accuracy=0.6718
[89/120]  Loss_D: -14.0091 Loss_G: 0.6243, Wasserstein_dist:18.2501, vae_loss_seen:337.1425 GZSL: seen=0.7409, unseen=0.5499, h=0.6313 ZSL: unseen accuracy=0.6788
[90/120]  Loss_D: -16.2744 Loss_G: 0.6193, Wasserstein_dist:20.7357, vae_loss_seen:365.5353 GZSL: seen=0.7291, unseen=0.5154, h=0.6039 ZSL: unseen accuracy=0.6807
[91/120]  Loss_D: -16.8295 Loss_G: 0.4406, Wasserstein_dist:21.7301, vae_loss_seen:377.8756 GZSL: seen=0.7324, unseen=0.5644, h=0.6375 ZSL: unseen accuracy=0.7045
[92/120]  Loss_D: -15.9835 Loss_G: 0.4815, Wasserstein_dist:21.8697, vae_loss_seen:375.8355 GZSL: seen=0.7391, unseen=0.5427, h=0.6258 ZSL: unseen accuracy=0.6609
[93/120]  Loss_D: -15.2611 Loss_G: 0.4060, Wasserstein_dist:20.8583, vae_loss_seen:356.2437 GZSL: seen=0.7370, unseen=0.5360, h=0.6207 ZSL: unseen accuracy=0.6640
[94/120]  Loss_D: -17.2972 Loss_G: 0.4939, Wasserstein_dist:21.8860, vae_loss_seen:372.8658 GZSL: seen=0.8144, unseen=0.5166, h=0.6322 ZSL: unseen accuracy=0.6729
[95/120]  Loss_D: -15.4618 Loss_G: 0.4186, Wasserstein_dist:20.4732, vae_loss_seen:365.3598 GZSL: seen=0.8241, unseen=0.5018, h=0.6238 ZSL: unseen accuracy=0.6729
[96/120]  Loss_D: -16.1283 Loss_G: 0.3148, Wasserstein_dist:21.5207, vae_loss_seen:375.7296 GZSL: seen=0.7401, unseen=0.5196, h=0.6105 ZSL: unseen accuracy=0.6711
[97/120]  Loss_D: -11.9993 Loss_G: 0.2873, Wasserstein_dist:19.0325, vae_loss_seen:349.7861 GZSL: seen=0.7361, unseen=0.5562, h=0.6336 ZSL: unseen accuracy=0.6670
[98/120]  Loss_D: -14.8324 Loss_G: 0.2686, Wasserstein_dist:20.7463, vae_loss_seen:362.6588 GZSL: seen=0.7405, unseen=0.5518, h=0.6324 ZSL: unseen accuracy=0.6743
[99/120]  Loss_D: -14.9168 Loss_G: 0.2841, Wasserstein_dist:20.1559, vae_loss_seen:364.7122 GZSL: seen=0.7427, unseen=0.5394, h=0.6249 ZSL: unseen accuracy=0.6732
[100/120]  Loss_D: -13.8601 Loss_G: 0.2236, Wasserstein_dist:20.1443, vae_loss_seen:348.4220 GZSL: seen=0.7401, unseen=0.5640, h=0.6401 ZSL: unseen accuracy=0.6615
[101/120]  Loss_D: -15.3700 Loss_G: 0.2278, Wasserstein_dist:20.6757, vae_loss_seen:367.1444 GZSL: seen=0.7416, unseen=0.5442, h=0.6278 ZSL: unseen accuracy=0.6665
[102/120]  Loss_D: -15.1174 Loss_G: 0.1611, Wasserstein_dist:20.5685, vae_loss_seen:367.2845 GZSL: seen=0.7365, unseen=0.5486, h=0.6288 ZSL: unseen accuracy=0.6727
[103/120]  Loss_D: -14.0560 Loss_G: 0.2125, Wasserstein_dist:19.7498, vae_loss_seen:345.9922 GZSL: seen=0.7384, unseen=0.5472, h=0.6285 ZSL: unseen accuracy=0.6682
[104/120]  Loss_D: -16.1510 Loss_G: 0.1737, Wasserstein_dist:20.0920, vae_loss_seen:354.3018 GZSL: seen=0.7462, unseen=0.5487, h=0.6324 ZSL: unseen accuracy=0.6700
[105/120]  Loss_D: -16.2224 Loss_G: 0.1545, Wasserstein_dist:21.2285, vae_loss_seen:366.7948 GZSL: seen=0.7509, unseen=0.5566, h=0.6393 ZSL: unseen accuracy=0.6776
[106/120]  Loss_D: -15.9510 Loss_G: 0.1303, Wasserstein_dist:20.3021, vae_loss_seen:362.8569 GZSL: seen=0.7377, unseen=0.5459, h=0.6275 ZSL: unseen accuracy=0.6710
[107/120]  Loss_D: -15.3663 Loss_G: 0.0703, Wasserstein_dist:20.6289, vae_loss_seen:363.5721 GZSL: seen=0.7372, unseen=0.5570, h=0.6345 ZSL: unseen accuracy=0.6746
[108/120]  Loss_D: -15.7893 Loss_G: 0.0816, Wasserstein_dist:21.0724, vae_loss_seen:353.7693 GZSL: seen=0.7418, unseen=0.5709, h=0.6453 ZSL: unseen accuracy=0.6796
[109/120]  Loss_D: -15.4303 Loss_G: 0.0487, Wasserstein_dist:20.6191, vae_loss_seen:375.1923 GZSL: seen=0.7591, unseen=0.5492, h=0.6373 ZSL: unseen accuracy=0.6696
[110/120]  Loss_D: -14.8540 Loss_G: 0.0447, Wasserstein_dist:19.3446, vae_loss_seen:349.0804 GZSL: seen=0.7424, unseen=0.5408, h=0.6257 ZSL: unseen accuracy=0.6737
[111/120]  Loss_D: -14.2376 Loss_G: -0.0470, Wasserstein_dist:20.6464, vae_loss_seen:365.0316 GZSL: seen=0.7451, unseen=0.5535, h=0.6352 ZSL: unseen accuracy=0.6891
[112/120]  Loss_D: -13.2126 Loss_G: 0.0264, Wasserstein_dist:18.0167, vae_loss_seen:336.1470 GZSL: seen=0.7481, unseen=0.5631, h=0.6425 ZSL: unseen accuracy=0.6937
[113/120]  Loss_D: -13.9695 Loss_G: -0.0072, Wasserstein_dist:18.6871, vae_loss_seen:346.7413 GZSL: seen=0.7444, unseen=0.5730, h=0.6475 ZSL: unseen accuracy=0.6841
[114/120]  Loss_D: -15.3633 Loss_G: -0.0608, Wasserstein_dist:20.8175, vae_loss_seen:362.6013 GZSL: seen=0.8304, unseen=0.5084, h=0.6307 ZSL: unseen accuracy=0.6635
[115/120]  Loss_D: -12.6631 Loss_G: -0.0528, Wasserstein_dist:18.9318, vae_loss_seen:351.1462 GZSL: seen=0.7467, unseen=0.5470, h=0.6314 ZSL: unseen accuracy=0.6737
[116/120]  Loss_D: -16.5947 Loss_G: -0.1212, Wasserstein_dist:21.1456, vae_loss_seen:360.9471 GZSL: seen=0.7363, unseen=0.5871, h=0.6533 ZSL: unseen accuracy=0.6728
[117/120]  Loss_D: -15.4062 Loss_G: -0.1362, Wasserstein_dist:19.8986, vae_loss_seen:353.7756 GZSL: seen=0.7513, unseen=0.5568, h=0.6396 ZSL: unseen accuracy=0.6665
[118/120]  Loss_D: -14.9143 Loss_G: -0.1322, Wasserstein_dist:19.7336, vae_loss_seen:353.4578 GZSL: seen=0.7496, unseen=0.5426, h=0.6295 ZSL: unseen accuracy=0.6894
[119/120]  Loss_D: -15.5439 Loss_G: -0.1457, Wasserstein_dist:20.4083, vae_loss_seen:352.9520 GZSL: seen=0.7494, unseen=0.5226, h=0.6158 ZSL: unseen accuracy=0.6666
[120/120]  Loss_D: -18.3306 Loss_G: -0.1567, Wasserstein_dist:22.1090, vae_loss_seen:374.9303 GZSL: seen=0.7429, unseen=0.5698, h=0.6449 ZSL: unseen accuracy=0.6742
