HYPER-PARAMETERS
dataset                       :AWA2
dataroot                      :../data
image_embedding               :res101
class_embedding               :att
syn_num                       :1800
gzsl                          :True
preprocessing                 :True
standardization               :False
workers                       :8
batch_size                    :64
resSize                       :2048
attSize                       :85
nz                            :85
ngh                           :4096
ndh                           :4096
nepoch                        :120
critic_iter                   :5
lambda1                       :10.0
lr                            :1e-05
feed_lr                       :0.0001
dec_lr                        :0.0001
classifier_lr                 :0.001
beta1                         :0.5
cuda                          :True
encoded_noise                 :True
manualSeed                    :9182
nclass_all                    :50
validation                    :True
encoder_layer_sizes           :[2048, 4096]
decoder_layer_sizes           :[4096, 2048]
gammaD                        :10
gammaG                        :10
latent_size                   :85
conditional                   :True
a1                            :0.01
a2                            :0.01
recons_weight                 :0.1
feedback_loop                 :1
freeze_dec                    :True
sample_probing                :False
n_task                        :1
n_probe_train                 :1
n_probe_val                   :1
k_probe_train                 :1
k_probe_val                   :1
n_subset                      :1
alpha                         :None
gamma                         :None
lamb                          :None
n_syn                         :None
sample_probing_loss_weight    :1.0
sample_probing_loss_type      :None
closed_form_model_type        :None
finetune                      :False
lambda2                       :10.0

[1/120]  Loss_D: -12.3441 Loss_G: 5.9801, Wasserstein_dist:22.9961, vae_loss_seen:644.3748 GZSL: seen=0.7306, unseen=0.0008, h=0.0017 ZSL: unseen accuracy=0.0490
[2/120]  Loss_D: -19.5261 Loss_G: 5.4128, Wasserstein_dist:20.7610, vae_loss_seen:529.0206 GZSL: seen=0.7420, unseen=0.0021, h=0.0041 ZSL: unseen accuracy=0.0806
[3/120]  Loss_D: -28.2109 Loss_G: 4.1410, Wasserstein_dist:34.2680, vae_loss_seen:486.4538 GZSL: seen=0.7640, unseen=0.0004, h=0.0008 ZSL: unseen accuracy=0.1054
[4/120]  Loss_D: -32.6913 Loss_G: 4.4596, Wasserstein_dist:41.6699, vae_loss_seen:473.3226 GZSL: seen=0.7756, unseen=0.0066, h=0.0130 ZSL: unseen accuracy=0.1732
[5/120]  Loss_D: -35.7662 Loss_G: 4.5248, Wasserstein_dist:44.3966, vae_loss_seen:483.0612 GZSL: seen=0.7772, unseen=0.0018, h=0.0037 ZSL: unseen accuracy=0.2935
[6/120]  Loss_D: -37.8256 Loss_G: 4.9316, Wasserstein_dist:48.0829, vae_loss_seen:473.3316 GZSL: seen=0.8104, unseen=0.0039, h=0.0077 ZSL: unseen accuracy=0.3594
[7/120]  Loss_D: -43.6689 Loss_G: 5.2527, Wasserstein_dist:50.7332, vae_loss_seen:502.6879 GZSL: seen=0.7683, unseen=0.0023, h=0.0046 ZSL: unseen accuracy=0.4272
[8/120]  Loss_D: -43.1776 Loss_G: 5.3956, Wasserstein_dist:52.0293, vae_loss_seen:468.6088 GZSL: seen=0.8004, unseen=0.0059, h=0.0116 ZSL: unseen accuracy=0.4472
[9/120]  Loss_D: -43.0947 Loss_G: 5.7345, Wasserstein_dist:53.4246, vae_loss_seen:489.7667 GZSL: seen=0.7896, unseen=0.0072, h=0.0142 ZSL: unseen accuracy=0.4533
[10/120]  Loss_D: -40.9401 Loss_G: 5.7681, Wasserstein_dist:52.1034, vae_loss_seen:481.8823 GZSL: seen=0.8036, unseen=0.0096, h=0.0190 ZSL: unseen accuracy=0.5127
[11/120]  Loss_D: -40.0438 Loss_G: 5.5601, Wasserstein_dist:51.4044, vae_loss_seen:465.1696 GZSL: seen=0.7980, unseen=0.0058, h=0.0115 ZSL: unseen accuracy=0.5247
[12/120]  Loss_D: -38.1236 Loss_G: 5.7357, Wasserstein_dist:54.3116, vae_loss_seen:492.0397 GZSL: seen=0.9422, unseen=0.0047, h=0.0094 ZSL: unseen accuracy=0.4853
[13/120]  Loss_D: -36.8310 Loss_G: 6.0471, Wasserstein_dist:54.3541, vae_loss_seen:482.7002 GZSL: seen=0.8054, unseen=0.0140, h=0.0275 ZSL: unseen accuracy=0.5154
[14/120]  Loss_D: -40.0962 Loss_G: 5.9326, Wasserstein_dist:52.5906, vae_loss_seen:474.0919 GZSL: seen=0.8067, unseen=0.0290, h=0.0559 ZSL: unseen accuracy=0.5284
[15/120]  Loss_D: -40.1300 Loss_G: 5.7683, Wasserstein_dist:52.6001, vae_loss_seen:466.9872 GZSL: seen=0.8224, unseen=0.0271, h=0.0525 ZSL: unseen accuracy=0.5422
[16/120]  Loss_D: -38.4641 Loss_G: 5.8585, Wasserstein_dist:53.6245, vae_loss_seen:465.5898 GZSL: seen=0.7945, unseen=0.0248, h=0.0481 ZSL: unseen accuracy=0.5102
[17/120]  Loss_D: -35.0791 Loss_G: 5.8388, Wasserstein_dist:52.1494, vae_loss_seen:461.4019 GZSL: seen=0.9383, unseen=0.0284, h=0.0552 ZSL: unseen accuracy=0.5026
[18/120]  Loss_D: -33.4434 Loss_G: 5.7827, Wasserstein_dist:50.4161, vae_loss_seen:463.7511 GZSL: seen=0.9379, unseen=0.0342, h=0.0660 ZSL: unseen accuracy=0.5009
[19/120]  Loss_D: -40.6143 Loss_G: 5.7596, Wasserstein_dist:54.4493, vae_loss_seen:479.2188 GZSL: seen=0.8134, unseen=0.0594, h=0.1107 ZSL: unseen accuracy=0.5317
[20/120]  Loss_D: -36.1309 Loss_G: 5.6099, Wasserstein_dist:48.5419, vae_loss_seen:445.5631 GZSL: seen=0.8090, unseen=0.0742, h=0.1359 ZSL: unseen accuracy=0.5540
[21/120]  Loss_D: -35.3312 Loss_G: 5.4982, Wasserstein_dist:46.3249, vae_loss_seen:436.2978 GZSL: seen=0.9370, unseen=0.0675, h=0.1259 ZSL: unseen accuracy=0.5484
[22/120]  Loss_D: -39.8553 Loss_G: 5.5458, Wasserstein_dist:48.7459, vae_loss_seen:450.1960 GZSL: seen=0.8075, unseen=0.0899, h=0.1618 ZSL: unseen accuracy=0.5359
[23/120]  Loss_D: -39.9645 Loss_G: 5.4211, Wasserstein_dist:50.0915, vae_loss_seen:463.1279 GZSL: seen=0.8881, unseen=0.0888, h=0.1614 ZSL: unseen accuracy=0.5260
[24/120]  Loss_D: -36.3054 Loss_G: 5.2168, Wasserstein_dist:47.5613, vae_loss_seen:455.7067 GZSL: seen=0.9251, unseen=0.1126, h=0.2008 ZSL: unseen accuracy=0.5878
[25/120]  Loss_D: -30.3604 Loss_G: 5.2027, Wasserstein_dist:42.9285, vae_loss_seen:420.5870 GZSL: seen=0.7994, unseen=0.1384, h=0.2359 ZSL: unseen accuracy=0.5365
[26/120]  Loss_D: -31.7996 Loss_G: 5.1795, Wasserstein_dist:44.3541, vae_loss_seen:438.2470 GZSL: seen=0.9198, unseen=0.1304, h=0.2284 ZSL: unseen accuracy=0.5844
[27/120]  Loss_D: -31.0858 Loss_G: 5.0322, Wasserstein_dist:42.5205, vae_loss_seen:444.9321 GZSL: seen=0.8828, unseen=0.1422, h=0.2450 ZSL: unseen accuracy=0.5310
[28/120]  Loss_D: -29.6747 Loss_G: 5.0122, Wasserstein_dist:42.5611, vae_loss_seen:434.6253 GZSL: seen=0.7891, unseen=0.1573, h=0.2623 ZSL: unseen accuracy=0.5607
[29/120]  Loss_D: -33.4488 Loss_G: 4.9552, Wasserstein_dist:43.1501, vae_loss_seen:442.1913 GZSL: seen=0.9174, unseen=0.1722, h=0.2900 ZSL: unseen accuracy=0.5742
[30/120]  Loss_D: -34.6554 Loss_G: 4.9423, Wasserstein_dist:42.7682, vae_loss_seen:448.0674 GZSL: seen=0.8689, unseen=0.1853, h=0.3054 ZSL: unseen accuracy=0.5759
[31/120]  Loss_D: -29.5426 Loss_G: 4.9319, Wasserstein_dist:39.9008, vae_loss_seen:440.6100 GZSL: seen=0.7788, unseen=0.2530, h=0.3820 ZSL: unseen accuracy=0.5846
[32/120]  Loss_D: -27.3923 Loss_G: 4.8201, Wasserstein_dist:39.5273, vae_loss_seen:441.4101 GZSL: seen=0.8797, unseen=0.2217, h=0.3542 ZSL: unseen accuracy=0.5946
[33/120]  Loss_D: -31.6475 Loss_G: 4.8831, Wasserstein_dist:38.5596, vae_loss_seen:440.5222 GZSL: seen=0.8704, unseen=0.2215, h=0.3532 ZSL: unseen accuracy=0.5688
[34/120]  Loss_D: -26.2382 Loss_G: 4.6859, Wasserstein_dist:36.4592, vae_loss_seen:431.7137 GZSL: seen=0.7645, unseen=0.2574, h=0.3851 ZSL: unseen accuracy=0.5718
[35/120]  Loss_D: -27.5846 Loss_G: 4.6508, Wasserstein_dist:37.1764, vae_loss_seen:443.0082 GZSL: seen=0.7590, unseen=0.2593, h=0.3865 ZSL: unseen accuracy=0.5787
[36/120]  Loss_D: -26.8669 Loss_G: 4.6022, Wasserstein_dist:34.4694, vae_loss_seen:423.8527 GZSL: seen=0.8634, unseen=0.2626, h=0.4028 ZSL: unseen accuracy=0.5767
[37/120]  Loss_D: -23.3166 Loss_G: 4.5309, Wasserstein_dist:32.7800, vae_loss_seen:413.3814 GZSL: seen=0.7619, unseen=0.3426, h=0.4727 ZSL: unseen accuracy=0.5723
[38/120]  Loss_D: -23.7298 Loss_G: 4.4025, Wasserstein_dist:35.3855, vae_loss_seen:444.0629 GZSL: seen=0.8624, unseen=0.2694, h=0.4106 ZSL: unseen accuracy=0.5903
[39/120]  Loss_D: -27.3322 Loss_G: 4.5903, Wasserstein_dist:33.9380, vae_loss_seen:430.5595 GZSL: seen=0.8624, unseen=0.3169, h=0.4635 ZSL: unseen accuracy=0.5866
[40/120]  Loss_D: -26.0713 Loss_G: 4.3636, Wasserstein_dist:34.7934, vae_loss_seen:434.4023 GZSL: seen=0.8517, unseen=0.3105, h=0.4551 ZSL: unseen accuracy=0.5926
[41/120]  Loss_D: -26.9405 Loss_G: 4.4553, Wasserstein_dist:33.5082, vae_loss_seen:432.5397 GZSL: seen=0.8507, unseen=0.3040, h=0.4479 ZSL: unseen accuracy=0.5757
[42/120]  Loss_D: -21.2380 Loss_G: 4.2513, Wasserstein_dist:31.8375, vae_loss_seen:415.6083 GZSL: seen=0.7430, unseen=0.3600, h=0.4850 ZSL: unseen accuracy=0.5942
[43/120]  Loss_D: -23.3369 Loss_G: 4.2825, Wasserstein_dist:31.0954, vae_loss_seen:422.5497 GZSL: seen=0.8509, unseen=0.3350, h=0.4807 ZSL: unseen accuracy=0.6064
[44/120]  Loss_D: -22.9611 Loss_G: 4.0752, Wasserstein_dist:30.8498, vae_loss_seen:425.9352 GZSL: seen=0.8422, unseen=0.3339, h=0.4782 ZSL: unseen accuracy=0.5946
[45/120]  Loss_D: -20.2181 Loss_G: 3.9963, Wasserstein_dist:29.2687, vae_loss_seen:411.5824 GZSL: seen=0.8459, unseen=0.3597, h=0.5047 ZSL: unseen accuracy=0.5959
[46/120]  Loss_D: -22.6491 Loss_G: 4.1223, Wasserstein_dist:31.3043, vae_loss_seen:427.9067 GZSL: seen=0.7169, unseen=0.3976, h=0.5115 ZSL: unseen accuracy=0.6098
[47/120]  Loss_D: -25.5336 Loss_G: 4.0673, Wasserstein_dist:32.7183, vae_loss_seen:435.4176 GZSL: seen=0.7117, unseen=0.4284, h=0.5349 ZSL: unseen accuracy=0.5934
[48/120]  Loss_D: -21.2866 Loss_G: 3.9534, Wasserstein_dist:29.0711, vae_loss_seen:423.1456 GZSL: seen=0.8346, unseen=0.3722, h=0.5148 ZSL: unseen accuracy=0.5902
[49/120]  Loss_D: -24.0375 Loss_G: 3.8525, Wasserstein_dist:32.8220, vae_loss_seen:434.7456 GZSL: seen=0.8295, unseen=0.3725, h=0.5141 ZSL: unseen accuracy=0.6160
[50/120]  Loss_D: -26.0354 Loss_G: 3.9946, Wasserstein_dist:31.0999, vae_loss_seen:421.9304 GZSL: seen=0.8265, unseen=0.3756, h=0.5165 ZSL: unseen accuracy=0.6233
[51/120]  Loss_D: -23.2593 Loss_G: 3.8055, Wasserstein_dist:30.6352, vae_loss_seen:424.6904 GZSL: seen=0.7011, unseen=0.4530, h=0.5504 ZSL: unseen accuracy=0.6111
[52/120]  Loss_D: -22.2060 Loss_G: 3.7749, Wasserstein_dist:28.4514, vae_loss_seen:404.3817 GZSL: seen=0.8564, unseen=0.3789, h=0.5253 ZSL: unseen accuracy=0.6163
[53/120]  Loss_D: -24.0392 Loss_G: 3.6562, Wasserstein_dist:30.5960, vae_loss_seen:435.2956 GZSL: seen=0.8189, unseen=0.4193, h=0.5546 ZSL: unseen accuracy=0.6156
[54/120]  Loss_D: -19.5894 Loss_G: 3.7071, Wasserstein_dist:26.8364, vae_loss_seen:399.8715 GZSL: seen=0.8259, unseen=0.3999, h=0.5389 ZSL: unseen accuracy=0.6311
[55/120]  Loss_D: -21.5661 Loss_G: 3.6705, Wasserstein_dist:30.1253, vae_loss_seen:435.4411 GZSL: seen=0.8239, unseen=0.4073, h=0.5451 ZSL: unseen accuracy=0.6124
[56/120]  Loss_D: -20.5863 Loss_G: 3.6705, Wasserstein_dist:28.8652, vae_loss_seen:419.2943 GZSL: seen=0.8189, unseen=0.4040, h=0.5411 ZSL: unseen accuracy=0.6147
[57/120]  Loss_D: -19.9755 Loss_G: 3.5760, Wasserstein_dist:26.2811, vae_loss_seen:407.4680 GZSL: seen=0.8138, unseen=0.4230, h=0.5567 ZSL: unseen accuracy=0.6271
[58/120]  Loss_D: -23.4736 Loss_G: 3.4776, Wasserstein_dist:30.1018, vae_loss_seen:427.2539 GZSL: seen=0.8149, unseen=0.4249, h=0.5586 ZSL: unseen accuracy=0.6186
[59/120]  Loss_D: -20.3134 Loss_G: 3.5035, Wasserstein_dist:27.5302, vae_loss_seen:408.5469 GZSL: seen=0.8190, unseen=0.4211, h=0.5562 ZSL: unseen accuracy=0.6182
[60/120]  Loss_D: -23.1301 Loss_G: 3.3921, Wasserstein_dist:30.4895, vae_loss_seen:429.0134 GZSL: seen=0.8153, unseen=0.4419, h=0.5732 ZSL: unseen accuracy=0.6484
[61/120]  Loss_D: -22.3929 Loss_G: 3.3138, Wasserstein_dist:29.6496, vae_loss_seen:417.8398 GZSL: seen=0.8128, unseen=0.4426, h=0.5731 ZSL: unseen accuracy=0.6386
[62/120]  Loss_D: -20.7532 Loss_G: 3.2523, Wasserstein_dist:27.8667, vae_loss_seen:429.5130 GZSL: seen=0.8183, unseen=0.4401, h=0.5724 ZSL: unseen accuracy=0.6423
[63/120]  Loss_D: -20.4837 Loss_G: 3.2724, Wasserstein_dist:26.9002, vae_loss_seen:413.4708 GZSL: seen=0.8140, unseen=0.4465, h=0.5767 ZSL: unseen accuracy=0.6353
[64/120]  Loss_D: -18.2611 Loss_G: 3.2047, Wasserstein_dist:26.7210, vae_loss_seen:429.5987 GZSL: seen=0.8140, unseen=0.4690, h=0.5951 ZSL: unseen accuracy=0.6525
[65/120]  Loss_D: -17.6561 Loss_G: 3.3081, Wasserstein_dist:22.2684, vae_loss_seen:386.1357 GZSL: seen=0.8152, unseen=0.4629, h=0.5905 ZSL: unseen accuracy=0.6369
[66/120]  Loss_D: -22.1300 Loss_G: 3.2187, Wasserstein_dist:28.7987, vae_loss_seen:422.1549 GZSL: seen=0.8061, unseen=0.4750, h=0.5977 ZSL: unseen accuracy=0.6384
[67/120]  Loss_D: -18.2013 Loss_G: 3.1480, Wasserstein_dist:25.3875, vae_loss_seen:404.7570 GZSL: seen=0.8032, unseen=0.4412, h=0.5696 ZSL: unseen accuracy=0.6416
[68/120]  Loss_D: -19.5471 Loss_G: 3.0111, Wasserstein_dist:27.0092, vae_loss_seen:416.6181 GZSL: seen=0.7989, unseen=0.4615, h=0.5851 ZSL: unseen accuracy=0.6360
[69/120]  Loss_D: -18.5281 Loss_G: 3.0443, Wasserstein_dist:25.0587, vae_loss_seen:411.3741 GZSL: seen=0.8003, unseen=0.4789, h=0.5993 ZSL: unseen accuracy=0.6637
[70/120]  Loss_D: -17.8968 Loss_G: 3.0208, Wasserstein_dist:25.9232, vae_loss_seen:412.8978 GZSL: seen=0.7972, unseen=0.4556, h=0.5799 ZSL: unseen accuracy=0.6721
[71/120]  Loss_D: -20.1401 Loss_G: 2.8795, Wasserstein_dist:26.6434, vae_loss_seen:418.1233 GZSL: seen=0.7923, unseen=0.4979, h=0.6115 ZSL: unseen accuracy=0.6488
[72/120]  Loss_D: -20.9043 Loss_G: 2.8636, Wasserstein_dist:27.4361, vae_loss_seen:423.1326 GZSL: seen=0.8047, unseen=0.4966, h=0.6142 ZSL: unseen accuracy=0.6462
[73/120]  Loss_D: -20.4481 Loss_G: 2.9345, Wasserstein_dist:25.3325, vae_loss_seen:405.2961 GZSL: seen=0.7957, unseen=0.4741, h=0.5942 ZSL: unseen accuracy=0.6595
[74/120]  Loss_D: -19.2928 Loss_G: 2.8294, Wasserstein_dist:25.7610, vae_loss_seen:411.2378 GZSL: seen=0.8070, unseen=0.4786, h=0.6009 ZSL: unseen accuracy=0.6506
[75/120]  Loss_D: -16.8316 Loss_G: 2.7844, Wasserstein_dist:24.0883, vae_loss_seen:401.1961 GZSL: seen=0.6906, unseen=0.5370, h=0.6042 ZSL: unseen accuracy=0.6562
[76/120]  Loss_D: -19.8956 Loss_G: 2.7601, Wasserstein_dist:27.0458, vae_loss_seen:418.9056 GZSL: seen=0.7997, unseen=0.5072, h=0.6207 ZSL: unseen accuracy=0.6500
[77/120]  Loss_D: -19.0679 Loss_G: 2.7191, Wasserstein_dist:25.1123, vae_loss_seen:405.6177 GZSL: seen=0.8046, unseen=0.4818, h=0.6027 ZSL: unseen accuracy=0.6421
[78/120]  Loss_D: -20.7477 Loss_G: 2.7749, Wasserstein_dist:26.5026, vae_loss_seen:414.5175 GZSL: seen=0.7938, unseen=0.4982, h=0.6122 ZSL: unseen accuracy=0.6480
[79/120]  Loss_D: -17.7273 Loss_G: 2.7214, Wasserstein_dist:24.1880, vae_loss_seen:406.9503 GZSL: seen=0.7980, unseen=0.5237, h=0.6324 ZSL: unseen accuracy=0.6583
[80/120]  Loss_D: -20.3937 Loss_G: 2.6138, Wasserstein_dist:25.9717, vae_loss_seen:410.6789 GZSL: seen=0.7987, unseen=0.5065, h=0.6199 ZSL: unseen accuracy=0.6818
[81/120]  Loss_D: -17.9154 Loss_G: 2.5164, Wasserstein_dist:23.7251, vae_loss_seen:409.4930 GZSL: seen=0.7981, unseen=0.4793, h=0.5989 ZSL: unseen accuracy=0.6552
[82/120]  Loss_D: -17.5077 Loss_G: 2.5568, Wasserstein_dist:23.2809, vae_loss_seen:403.0824 GZSL: seen=0.7930, unseen=0.5025, h=0.6152 ZSL: unseen accuracy=0.6629
[83/120]  Loss_D: -20.1037 Loss_G: 2.4820, Wasserstein_dist:26.0940, vae_loss_seen:422.3022 GZSL: seen=0.8033, unseen=0.5067, h=0.6215 ZSL: unseen accuracy=0.6700
[84/120]  Loss_D: -19.3524 Loss_G: 2.5223, Wasserstein_dist:25.4130, vae_loss_seen:409.8953 GZSL: seen=0.7961, unseen=0.5334, h=0.6388 ZSL: unseen accuracy=0.6505
[85/120]  Loss_D: -20.7471 Loss_G: 2.3315, Wasserstein_dist:25.6312, vae_loss_seen:415.4722 GZSL: seen=0.7998, unseen=0.5043, h=0.6185 ZSL: unseen accuracy=0.6632
[86/120]  Loss_D: -18.1345 Loss_G: 2.3185, Wasserstein_dist:24.3306, vae_loss_seen:410.5318 GZSL: seen=0.6874, unseen=0.5706, h=0.6236 ZSL: unseen accuracy=0.6659
[87/120]  Loss_D: -19.3229 Loss_G: 2.2973, Wasserstein_dist:26.0903, vae_loss_seen:415.0592 GZSL: seen=0.7964, unseen=0.4913, h=0.6077 ZSL: unseen accuracy=0.6492
[88/120]  Loss_D: -18.0273 Loss_G: 2.3253, Wasserstein_dist:23.7721, vae_loss_seen:392.4781 GZSL: seen=0.7948, unseen=0.5067, h=0.6189 ZSL: unseen accuracy=0.6587
[89/120]  Loss_D: -18.1060 Loss_G: 2.2289, Wasserstein_dist:23.7384, vae_loss_seen:393.6392 GZSL: seen=0.7835, unseen=0.5384, h=0.6382 ZSL: unseen accuracy=0.6906
[90/120]  Loss_D: -18.8805 Loss_G: 2.2342, Wasserstein_dist:25.7442, vae_loss_seen:416.6620 GZSL: seen=0.7931, unseen=0.5316, h=0.6366 ZSL: unseen accuracy=0.6527
[91/120]  Loss_D: -21.6187 Loss_G: 2.1303, Wasserstein_dist:27.2759, vae_loss_seen:431.6544 GZSL: seen=0.7962, unseen=0.5156, h=0.6259 ZSL: unseen accuracy=0.6596
[92/120]  Loss_D: -21.0204 Loss_G: 2.1058, Wasserstein_dist:26.4177, vae_loss_seen:417.6009 GZSL: seen=0.7858, unseen=0.5294, h=0.6327 ZSL: unseen accuracy=0.6590
[93/120]  Loss_D: -17.1927 Loss_G: 2.1014, Wasserstein_dist:23.7340, vae_loss_seen:401.2715 GZSL: seen=0.7865, unseen=0.5152, h=0.6226 ZSL: unseen accuracy=0.6552
[94/120]  Loss_D: -17.4236 Loss_G: 2.1550, Wasserstein_dist:23.1670, vae_loss_seen:392.4572 GZSL: seen=0.7921, unseen=0.5372, h=0.6402 ZSL: unseen accuracy=0.6655
[95/120]  Loss_D: -17.6028 Loss_G: 2.0597, Wasserstein_dist:24.2449, vae_loss_seen:405.2909 GZSL: seen=0.7988, unseen=0.5275, h=0.6354 ZSL: unseen accuracy=0.6718
[96/120]  Loss_D: -21.3907 Loss_G: 2.0646, Wasserstein_dist:25.8482, vae_loss_seen:407.4879 GZSL: seen=0.7996, unseen=0.5400, h=0.6446 ZSL: unseen accuracy=0.6666
[97/120]  Loss_D: -21.5126 Loss_G: 2.0606, Wasserstein_dist:26.1619, vae_loss_seen:406.8060 GZSL: seen=0.7970, unseen=0.5378, h=0.6423 ZSL: unseen accuracy=0.6597
[98/120]  Loss_D: -18.5147 Loss_G: 2.0650, Wasserstein_dist:23.2856, vae_loss_seen:391.6466 GZSL: seen=0.7940, unseen=0.5298, h=0.6355 ZSL: unseen accuracy=0.6594
[99/120]  Loss_D: -14.9800 Loss_G: 1.8639, Wasserstein_dist:23.6570, vae_loss_seen:394.4910 GZSL: seen=0.7913, unseen=0.5217, h=0.6288 ZSL: unseen accuracy=0.6361
[100/120]  Loss_D: -18.6855 Loss_G: 1.8804, Wasserstein_dist:24.6359, vae_loss_seen:404.1011 GZSL: seen=0.7895, unseen=0.5401, h=0.6414 ZSL: unseen accuracy=0.6637
[101/120]  Loss_D: -17.2834 Loss_G: 1.9194, Wasserstein_dist:21.5695, vae_loss_seen:386.8295 GZSL: seen=0.7938, unseen=0.5209, h=0.6290 ZSL: unseen accuracy=0.6694
[102/120]  Loss_D: -18.1123 Loss_G: 1.7936, Wasserstein_dist:25.3788, vae_loss_seen:409.2537 GZSL: seen=0.7942, unseen=0.5497, h=0.6497 ZSL: unseen accuracy=0.6561
[103/120]  Loss_D: -17.3041 Loss_G: 1.7458, Wasserstein_dist:23.7385, vae_loss_seen:402.2338 GZSL: seen=0.7996, unseen=0.5224, h=0.6319 ZSL: unseen accuracy=0.6809
[104/120]  Loss_D: -16.3280 Loss_G: 1.8167, Wasserstein_dist:22.7574, vae_loss_seen:386.0276 GZSL: seen=0.7950, unseen=0.5446, h=0.6464 ZSL: unseen accuracy=0.6588
[105/120]  Loss_D: -20.5489 Loss_G: 1.6109, Wasserstein_dist:27.2970, vae_loss_seen:412.8903 GZSL: seen=0.7789, unseen=0.5586, h=0.6506 ZSL: unseen accuracy=0.6727
[106/120]  Loss_D: -19.0316 Loss_G: 1.7260, Wasserstein_dist:25.1775, vae_loss_seen:405.9097 GZSL: seen=0.7973, unseen=0.5358, h=0.6409 ZSL: unseen accuracy=0.6756
[107/120]  Loss_D: -17.4007 Loss_G: 1.6171, Wasserstein_dist:23.5940, vae_loss_seen:406.7306 GZSL: seen=0.7966, unseen=0.5215, h=0.6303 ZSL: unseen accuracy=0.6790
[108/120]  Loss_D: -15.2122 Loss_G: 1.6832, Wasserstein_dist:21.2151, vae_loss_seen:384.6024 GZSL: seen=0.7861, unseen=0.5365, h=0.6378 ZSL: unseen accuracy=0.6770
[109/120]  Loss_D: -19.6581 Loss_G: 1.5426, Wasserstein_dist:27.1757, vae_loss_seen:423.5124 GZSL: seen=0.7945, unseen=0.5522, h=0.6515 ZSL: unseen accuracy=0.6525
[110/120]  Loss_D: -19.1182 Loss_G: 1.5712, Wasserstein_dist:24.0321, vae_loss_seen:403.3969 GZSL: seen=0.7946, unseen=0.5253, h=0.6325 ZSL: unseen accuracy=0.6705
[111/120]  Loss_D: -20.0664 Loss_G: 1.5716, Wasserstein_dist:25.3071, vae_loss_seen:417.1963 GZSL: seen=0.8003, unseen=0.5387, h=0.6439 ZSL: unseen accuracy=0.6678
[112/120]  Loss_D: -15.9889 Loss_G: 1.5245, Wasserstein_dist:23.0817, vae_loss_seen:385.9507 GZSL: seen=0.6787, unseen=0.6190, h=0.6475 ZSL: unseen accuracy=0.6831
[113/120]  Loss_D: -19.6763 Loss_G: 1.5184, Wasserstein_dist:24.4660, vae_loss_seen:398.0468 GZSL: seen=0.7936, unseen=0.5406, h=0.6431 ZSL: unseen accuracy=0.6770
[114/120]  Loss_D: -17.0541 Loss_G: 1.4223, Wasserstein_dist:22.8262, vae_loss_seen:385.3508 GZSL: seen=0.7953, unseen=0.5442, h=0.6462 ZSL: unseen accuracy=0.6636
[115/120]  Loss_D: -14.8877 Loss_G: 1.4347, Wasserstein_dist:21.2949, vae_loss_seen:370.7941 GZSL: seen=0.7869, unseen=0.5414, h=0.6415 ZSL: unseen accuracy=0.6801
[116/120]  Loss_D: -16.9581 Loss_G: 1.4130, Wasserstein_dist:23.8511, vae_loss_seen:388.7112 GZSL: seen=0.7960, unseen=0.5573, h=0.6556 ZSL: unseen accuracy=0.6677
[117/120]  Loss_D: -16.0168 Loss_G: 1.3265, Wasserstein_dist:22.4338, vae_loss_seen:390.7064 GZSL: seen=0.7924, unseen=0.5507, h=0.6498 ZSL: unseen accuracy=0.6817
[118/120]  Loss_D: -16.8298 Loss_G: 1.3263, Wasserstein_dist:22.3127, vae_loss_seen:383.8617 GZSL: seen=0.7977, unseen=0.5365, h=0.6415 ZSL: unseen accuracy=0.6854
[119/120]  Loss_D: -18.5040 Loss_G: 1.3681, Wasserstein_dist:23.2785, vae_loss_seen:383.9016 GZSL: seen=0.7971, unseen=0.5330, h=0.6388 ZSL: unseen accuracy=0.6680
[120/120]  Loss_D: -20.7032 Loss_G: 1.3856, Wasserstein_dist:25.2149, vae_loss_seen:409.8689 GZSL: seen=0.7909, unseen=0.5657, h=0.6596 ZSL: unseen accuracy=0.6642
Best h-score = 0.6596 (obtained at iteration-120)
- BE SURE TO SELECT THE MODEL TRAINED FOR 120 ITERATIONS ON TEST SET AS FINAL MODEL.
HYPER-PARAMETERS
dataset                       :AWA2
dataroot                      :../data
image_embedding               :res101
class_embedding               :att
syn_num                       :1800
gzsl                          :True
preprocessing                 :True
standardization               :False
workers                       :8
batch_size                    :64
resSize                       :2048
attSize                       :85
nz                            :85
ngh                           :4096
ndh                           :4096
nepoch                        :120
critic_iter                   :5
lambda1                       :10.0
lr                            :1e-05
feed_lr                       :0.0001
dec_lr                        :0.0001
classifier_lr                 :0.001
beta1                         :0.5
cuda                          :True
encoded_noise                 :True
manualSeed                    :9182
nclass_all                    :50
validation                    :False
encoder_layer_sizes           :[2048, 4096]
decoder_layer_sizes           :[4096, 2048]
gammaD                        :10
gammaG                        :10
latent_size                   :85
conditional                   :True
a1                            :0.01
a2                            :0.01
recons_weight                 :0.1
feedback_loop                 :1
freeze_dec                    :True
sample_probing                :False
n_task                        :1
n_probe_train                 :1
n_probe_val                   :1
k_probe_train                 :1
k_probe_val                   :1
n_subset                      :1
alpha                         :None
gamma                         :None
lamb                          :None
n_syn                         :None
sample_probing_loss_weight    :1.0
sample_probing_loss_type      :None
closed_form_model_type        :None
finetune                      :False
lambda2                       :10.0

- BE SURE THAT THE HYPERPARAMETERS (INCLUDING THE NUMBER OF ITERATIONS) ARE TUNED ON VALIDATION SET FOR THE FINAL TEST RUN.
[1/120]  Loss_D: -22.9101 Loss_G: 5.3316, Wasserstein_dist:24.6550, vae_loss_seen:495.4753 GZSL: seen=0.0000, unseen=0.0000, h=0.0000 ZSL: unseen accuracy=0.1467
[2/120]  Loss_D: -29.9716 Loss_G: 4.2608, Wasserstein_dist:35.1998, vae_loss_seen:454.1430 GZSL: seen=0.7473, unseen=0.0010, h=0.0020 ZSL: unseen accuracy=0.2352
[3/120]  Loss_D: -35.3139 Loss_G: 4.6842, Wasserstein_dist:44.1028, vae_loss_seen:460.2061 GZSL: seen=0.7369, unseen=0.0020, h=0.0039 ZSL: unseen accuracy=0.3370
[4/120]  Loss_D: -31.1778 Loss_G: 4.8014, Wasserstein_dist:45.3676, vae_loss_seen:440.4661 GZSL: seen=0.7407, unseen=0.0006, h=0.0013 ZSL: unseen accuracy=0.4334
[5/120]  Loss_D: -31.8714 Loss_G: 5.3211, Wasserstein_dist:47.4794, vae_loss_seen:444.3335 GZSL: seen=0.7562, unseen=0.0050, h=0.0100 ZSL: unseen accuracy=0.4946
[6/120]  Loss_D: -38.9691 Loss_G: 5.6780, Wasserstein_dist:49.0961, vae_loss_seen:448.2363 GZSL: seen=0.7586, unseen=0.0025, h=0.0051 ZSL: unseen accuracy=0.4680
[7/120]  Loss_D: -38.0125 Loss_G: 5.8725, Wasserstein_dist:49.3115, vae_loss_seen:448.7964 GZSL: seen=0.9306, unseen=0.0116, h=0.0229 ZSL: unseen accuracy=0.5211
[8/120]  Loss_D: -41.3399 Loss_G: 5.8255, Wasserstein_dist:49.8139, vae_loss_seen:444.5855 GZSL: seen=0.9297, unseen=0.0268, h=0.0521 ZSL: unseen accuracy=0.4920
[9/120]  Loss_D: -31.5051 Loss_G: 5.8177, Wasserstein_dist:48.3141, vae_loss_seen:442.6014 GZSL: seen=0.9291, unseen=0.0358, h=0.0689 ZSL: unseen accuracy=0.4857
[10/120]  Loss_D: -34.9059 Loss_G: 5.8189, Wasserstein_dist:46.0743, vae_loss_seen:434.6508 GZSL: seen=0.9262, unseen=0.0692, h=0.1289 ZSL: unseen accuracy=0.4953
[11/120]  Loss_D: -36.3168 Loss_G: 5.8409, Wasserstein_dist:46.6334, vae_loss_seen:425.6346 GZSL: seen=0.9273, unseen=0.0655, h=0.1223 ZSL: unseen accuracy=0.4611
[12/120]  Loss_D: -35.2772 Loss_G: 5.6008, Wasserstein_dist:45.3904, vae_loss_seen:428.6173 GZSL: seen=0.9188, unseen=0.0760, h=0.1403 ZSL: unseen accuracy=0.4666
[13/120]  Loss_D: -30.9214 Loss_G: 5.3643, Wasserstein_dist:44.3152, vae_loss_seen:424.6237 GZSL: seen=0.9243, unseen=0.0864, h=0.1581 ZSL: unseen accuracy=0.4374
[14/120]  Loss_D: -34.7173 Loss_G: 5.3596, Wasserstein_dist:44.0617, vae_loss_seen:439.8664 GZSL: seen=0.9204, unseen=0.1019, h=0.1835 ZSL: unseen accuracy=0.4600
[15/120]  Loss_D: -33.1250 Loss_G: 5.1813, Wasserstein_dist:42.4119, vae_loss_seen:431.1623 GZSL: seen=0.9133, unseen=0.1030, h=0.1851 ZSL: unseen accuracy=0.4689
[16/120]  Loss_D: -27.6583 Loss_G: 5.1258, Wasserstein_dist:37.9138, vae_loss_seen:406.2679 GZSL: seen=0.9046, unseen=0.1260, h=0.2211 ZSL: unseen accuracy=0.4679
[17/120]  Loss_D: -28.6243 Loss_G: 4.9847, Wasserstein_dist:38.0259, vae_loss_seen:418.4527 GZSL: seen=0.9025, unseen=0.1407, h=0.2435 ZSL: unseen accuracy=0.5034
[18/120]  Loss_D: -27.5070 Loss_G: 4.8654, Wasserstein_dist:36.8536, vae_loss_seen:413.9849 GZSL: seen=0.8802, unseen=0.1621, h=0.2738 ZSL: unseen accuracy=0.5465
[19/120]  Loss_D: -26.3388 Loss_G: 4.8616, Wasserstein_dist:34.7453, vae_loss_seen:415.9424 GZSL: seen=0.8776, unseen=0.1861, h=0.3071 ZSL: unseen accuracy=0.5126
[20/120]  Loss_D: -28.6712 Loss_G: 4.8032, Wasserstein_dist:34.3700, vae_loss_seen:426.0099 GZSL: seen=0.8930, unseen=0.1730, h=0.2898 ZSL: unseen accuracy=0.5353
[21/120]  Loss_D: -25.8894 Loss_G: 4.6949, Wasserstein_dist:32.3588, vae_loss_seen:419.4742 GZSL: seen=0.8461, unseen=0.2231, h=0.3530 ZSL: unseen accuracy=0.5484
[22/120]  Loss_D: -24.9175 Loss_G: 4.6061, Wasserstein_dist:33.0632, vae_loss_seen:421.5595 GZSL: seen=0.8905, unseen=0.2219, h=0.3553 ZSL: unseen accuracy=0.5582
[23/120]  Loss_D: -23.6038 Loss_G: 4.5426, Wasserstein_dist:30.7489, vae_loss_seen:424.4684 GZSL: seen=0.7591, unseen=0.2514, h=0.3777 ZSL: unseen accuracy=0.5429
[24/120]  Loss_D: -23.8396 Loss_G: 4.5141, Wasserstein_dist:31.1530, vae_loss_seen:408.0135 GZSL: seen=0.8907, unseen=0.2297, h=0.3652 ZSL: unseen accuracy=0.5734
[25/120]  Loss_D: -22.0887 Loss_G: 4.1780, Wasserstein_dist:29.0618, vae_loss_seen:410.4414 GZSL: seen=0.7573, unseen=0.2623, h=0.3896 ZSL: unseen accuracy=0.5824
[26/120]  Loss_D: -21.0111 Loss_G: 4.2792, Wasserstein_dist:27.4054, vae_loss_seen:410.1231 GZSL: seen=0.8455, unseen=0.2662, h=0.4049 ZSL: unseen accuracy=0.5754
[27/120]  Loss_D: -19.1338 Loss_G: 4.1210, Wasserstein_dist:26.9376, vae_loss_seen:401.4068 GZSL: seen=0.8723, unseen=0.2546, h=0.3942 ZSL: unseen accuracy=0.5853
[28/120]  Loss_D: -19.4234 Loss_G: 4.0404, Wasserstein_dist:26.9910, vae_loss_seen:403.2849 GZSL: seen=0.7439, unseen=0.3115, h=0.4391 ZSL: unseen accuracy=0.6017
[29/120]  Loss_D: -17.5965 Loss_G: 3.9507, Wasserstein_dist:24.3845, vae_loss_seen:384.8887 GZSL: seen=0.7310, unseen=0.3240, h=0.4490 ZSL: unseen accuracy=0.6132
[30/120]  Loss_D: -19.4302 Loss_G: 3.8816, Wasserstein_dist:25.8150, vae_loss_seen:400.0249 GZSL: seen=0.7334, unseen=0.3549, h=0.4783 ZSL: unseen accuracy=0.6161
[31/120]  Loss_D: -22.5171 Loss_G: 3.9513, Wasserstein_dist:28.3460, vae_loss_seen:404.5925 GZSL: seen=0.7346, unseen=0.3123, h=0.4382 ZSL: unseen accuracy=0.5893
[32/120]  Loss_D: -20.0979 Loss_G: 3.6213, Wasserstein_dist:27.2482, vae_loss_seen:408.6833 GZSL: seen=0.7474, unseen=0.3651, h=0.4906 ZSL: unseen accuracy=0.5936
[33/120]  Loss_D: -17.4519 Loss_G: 3.5691, Wasserstein_dist:25.8981, vae_loss_seen:406.7914 GZSL: seen=0.8250, unseen=0.3251, h=0.4664 ZSL: unseen accuracy=0.5949
[34/120]  Loss_D: -15.8375 Loss_G: 3.5143, Wasserstein_dist:21.9393, vae_loss_seen:388.3181 GZSL: seen=0.7441, unseen=0.3545, h=0.4802 ZSL: unseen accuracy=0.6054
[35/120]  Loss_D: -17.8338 Loss_G: 3.5428, Wasserstein_dist:24.4756, vae_loss_seen:399.5827 GZSL: seen=0.7321, unseen=0.3625, h=0.4849 ZSL: unseen accuracy=0.6161
[36/120]  Loss_D: -20.2117 Loss_G: 3.3235, Wasserstein_dist:26.2723, vae_loss_seen:400.8309 GZSL: seen=0.7262, unseen=0.4054, h=0.5204 ZSL: unseen accuracy=0.6100
[37/120]  Loss_D: -18.4378 Loss_G: 3.3325, Wasserstein_dist:24.2920, vae_loss_seen:400.9946 GZSL: seen=0.7199, unseen=0.4462, h=0.5509 ZSL: unseen accuracy=0.6064
[38/120]  Loss_D: -16.5665 Loss_G: 3.2599, Wasserstein_dist:24.5436, vae_loss_seen:404.0433 GZSL: seen=0.7306, unseen=0.4249, h=0.5373 ZSL: unseen accuracy=0.6216
[39/120]  Loss_D: -16.2089 Loss_G: 3.1675, Wasserstein_dist:22.9305, vae_loss_seen:377.7545 GZSL: seen=0.7287, unseen=0.3801, h=0.4996 ZSL: unseen accuracy=0.6195
[40/120]  Loss_D: -16.7961 Loss_G: 3.0920, Wasserstein_dist:22.4682, vae_loss_seen:387.0077 GZSL: seen=0.7258, unseen=0.4061, h=0.5208 ZSL: unseen accuracy=0.6319
[41/120]  Loss_D: -17.5026 Loss_G: 2.9788, Wasserstein_dist:23.9241, vae_loss_seen:402.2218 GZSL: seen=0.7237, unseen=0.4397, h=0.5470 ZSL: unseen accuracy=0.6231
[42/120]  Loss_D: -20.1928 Loss_G: 2.8857, Wasserstein_dist:26.4614, vae_loss_seen:412.7375 GZSL: seen=0.7383, unseen=0.4180, h=0.5338 ZSL: unseen accuracy=0.6264
[43/120]  Loss_D: -19.4578 Loss_G: 2.8949, Wasserstein_dist:24.9805, vae_loss_seen:405.4728 GZSL: seen=0.7304, unseen=0.4807, h=0.5798 ZSL: unseen accuracy=0.6382
[44/120]  Loss_D: -18.2636 Loss_G: 2.8844, Wasserstein_dist:23.5748, vae_loss_seen:406.8845 GZSL: seen=0.7193, unseen=0.4612, h=0.5621 ZSL: unseen accuracy=0.6157
[45/120]  Loss_D: -15.2233 Loss_G: 2.6072, Wasserstein_dist:22.2809, vae_loss_seen:391.8987 GZSL: seen=0.7193, unseen=0.4757, h=0.5727 ZSL: unseen accuracy=0.6224
[46/120]  Loss_D: -15.6627 Loss_G: 2.5652, Wasserstein_dist:22.7600, vae_loss_seen:387.8448 GZSL: seen=0.7240, unseen=0.4693, h=0.5695 ZSL: unseen accuracy=0.6265
[47/120]  Loss_D: -16.5627 Loss_G: 2.7164, Wasserstein_dist:21.2604, vae_loss_seen:382.2280 GZSL: seen=0.7274, unseen=0.4625, h=0.5655 ZSL: unseen accuracy=0.6438
[48/120]  Loss_D: -14.8465 Loss_G: 2.5680, Wasserstein_dist:20.5450, vae_loss_seen:375.5516 GZSL: seen=0.7206, unseen=0.4885, h=0.5823 ZSL: unseen accuracy=0.6141
[49/120]  Loss_D: -18.8445 Loss_G: 2.4210, Wasserstein_dist:24.3730, vae_loss_seen:393.9283 GZSL: seen=0.7341, unseen=0.4611, h=0.5664 ZSL: unseen accuracy=0.6222
[50/120]  Loss_D: -17.1265 Loss_G: 2.4562, Wasserstein_dist:22.4753, vae_loss_seen:383.5751 GZSL: seen=0.7220, unseen=0.4958, h=0.5879 ZSL: unseen accuracy=0.6221
[51/120]  Loss_D: -15.0911 Loss_G: 2.2597, Wasserstein_dist:21.1808, vae_loss_seen:377.9416 GZSL: seen=0.7279, unseen=0.4725, h=0.5730 ZSL: unseen accuracy=0.6272
[52/120]  Loss_D: -15.0973 Loss_G: 2.2904, Wasserstein_dist:20.8250, vae_loss_seen:380.4195 GZSL: seen=0.7241, unseen=0.4759, h=0.5743 ZSL: unseen accuracy=0.6319
[53/120]  Loss_D: -17.1843 Loss_G: 2.3098, Wasserstein_dist:22.6165, vae_loss_seen:391.7559 GZSL: seen=0.7215, unseen=0.5127, h=0.5994 ZSL: unseen accuracy=0.6258
[54/120]  Loss_D: -17.7809 Loss_G: 2.1529, Wasserstein_dist:23.6670, vae_loss_seen:394.6538 GZSL: seen=0.7272, unseen=0.5436, h=0.6222 ZSL: unseen accuracy=0.6339
[55/120]  Loss_D: -17.2639 Loss_G: 2.1429, Wasserstein_dist:23.0848, vae_loss_seen:387.3069 GZSL: seen=0.7186, unseen=0.4874, h=0.5808 ZSL: unseen accuracy=0.6293
[56/120]  Loss_D: -15.2588 Loss_G: 1.9913, Wasserstein_dist:21.6618, vae_loss_seen:382.3237 GZSL: seen=0.7156, unseen=0.5149, h=0.5989 ZSL: unseen accuracy=0.6481
[57/120]  Loss_D: -17.5596 Loss_G: 1.9451, Wasserstein_dist:22.7873, vae_loss_seen:396.2978 GZSL: seen=0.7172, unseen=0.4994, h=0.5888 ZSL: unseen accuracy=0.6340
[58/120]  Loss_D: -15.9643 Loss_G: 1.8895, Wasserstein_dist:21.9198, vae_loss_seen:382.9109 GZSL: seen=0.7157, unseen=0.5371, h=0.6137 ZSL: unseen accuracy=0.6428
[59/120]  Loss_D: -16.5216 Loss_G: 1.8696, Wasserstein_dist:23.2519, vae_loss_seen:387.1299 GZSL: seen=0.7241, unseen=0.5384, h=0.6176 ZSL: unseen accuracy=0.6398
[60/120]  Loss_D: -16.6570 Loss_G: 1.8110, Wasserstein_dist:22.4234, vae_loss_seen:391.7774 GZSL: seen=0.7229, unseen=0.5174, h=0.6031 ZSL: unseen accuracy=0.6422
[61/120]  Loss_D: -13.5995 Loss_G: 1.8316, Wasserstein_dist:19.5813, vae_loss_seen:359.9948 GZSL: seen=0.7154, unseen=0.5162, h=0.5997 ZSL: unseen accuracy=0.6389
[62/120]  Loss_D: -14.5836 Loss_G: 1.6616, Wasserstein_dist:20.3643, vae_loss_seen:371.9626 GZSL: seen=0.7339, unseen=0.5028, h=0.5967 ZSL: unseen accuracy=0.6397
[63/120]  Loss_D: -19.6157 Loss_G: 1.6407, Wasserstein_dist:25.0882, vae_loss_seen:398.6187 GZSL: seen=0.7466, unseen=0.4916, h=0.5929 ZSL: unseen accuracy=0.6443
[64/120]  Loss_D: -14.8246 Loss_G: 1.5576, Wasserstein_dist:20.2771, vae_loss_seen:368.8795 GZSL: seen=0.7221, unseen=0.5329, h=0.6133 ZSL: unseen accuracy=0.6379
[65/120]  Loss_D: -17.2715 Loss_G: 1.5422, Wasserstein_dist:23.1302, vae_loss_seen:390.4535 GZSL: seen=0.7324, unseen=0.5075, h=0.5995 ZSL: unseen accuracy=0.6426
[66/120]  Loss_D: -14.8829 Loss_G: 1.5329, Wasserstein_dist:20.5144, vae_loss_seen:373.5254 GZSL: seen=0.7337, unseen=0.5121, h=0.6032 ZSL: unseen accuracy=0.6362
[67/120]  Loss_D: -15.9652 Loss_G: 1.5083, Wasserstein_dist:20.9779, vae_loss_seen:374.8328 GZSL: seen=0.7276, unseen=0.5012, h=0.5936 ZSL: unseen accuracy=0.6439
[68/120]  Loss_D: -16.8775 Loss_G: 1.2992, Wasserstein_dist:22.8192, vae_loss_seen:386.6961 GZSL: seen=0.7267, unseen=0.5237, h=0.6087 ZSL: unseen accuracy=0.6498
[69/120]  Loss_D: -16.9724 Loss_G: 1.4199, Wasserstein_dist:21.7716, vae_loss_seen:376.0446 GZSL: seen=0.7310, unseen=0.4898, h=0.5866 ZSL: unseen accuracy=0.6471
[70/120]  Loss_D: -14.3418 Loss_G: 1.3573, Wasserstein_dist:19.6669, vae_loss_seen:355.4740 GZSL: seen=0.7204, unseen=0.5656, h=0.6337 ZSL: unseen accuracy=0.6611
[71/120]  Loss_D: -14.7181 Loss_G: 1.2189, Wasserstein_dist:21.3017, vae_loss_seen:371.4855 GZSL: seen=0.7306, unseen=0.5154, h=0.6044 ZSL: unseen accuracy=0.6551
[72/120]  Loss_D: -14.1242 Loss_G: 1.2036, Wasserstein_dist:19.8796, vae_loss_seen:366.1980 GZSL: seen=0.7243, unseen=0.5231, h=0.6075 ZSL: unseen accuracy=0.6581
[73/120]  Loss_D: -16.5317 Loss_G: 1.2060, Wasserstein_dist:21.4197, vae_loss_seen:370.4947 GZSL: seen=0.7305, unseen=0.5284, h=0.6132 ZSL: unseen accuracy=0.6698
[74/120]  Loss_D: -14.0367 Loss_G: 1.2491, Wasserstein_dist:18.4309, vae_loss_seen:363.2521 GZSL: seen=0.7258, unseen=0.5328, h=0.6145 ZSL: unseen accuracy=0.6489
[75/120]  Loss_D: -14.7146 Loss_G: 1.1561, Wasserstein_dist:19.7193, vae_loss_seen:350.3944 GZSL: seen=0.7312, unseen=0.5067, h=0.5986 ZSL: unseen accuracy=0.6561
[76/120]  Loss_D: -15.0269 Loss_G: 1.0896, Wasserstein_dist:20.8604, vae_loss_seen:362.7070 GZSL: seen=0.7363, unseen=0.5174, h=0.6078 ZSL: unseen accuracy=0.6546
[77/120]  Loss_D: -15.5820 Loss_G: 1.0323, Wasserstein_dist:20.9367, vae_loss_seen:377.8254 GZSL: seen=0.7320, unseen=0.5299, h=0.6148 ZSL: unseen accuracy=0.6645
[78/120]  Loss_D: -18.0560 Loss_G: 0.9246, Wasserstein_dist:24.5748, vae_loss_seen:385.7522 GZSL: seen=0.7347, unseen=0.5300, h=0.6158 ZSL: unseen accuracy=0.6682
[79/120]  Loss_D: -17.4850 Loss_G: 0.9852, Wasserstein_dist:22.5980, vae_loss_seen:371.8743 GZSL: seen=0.7352, unseen=0.5565, h=0.6335 ZSL: unseen accuracy=0.6578
[80/120]  Loss_D: -16.6921 Loss_G: 0.8965, Wasserstein_dist:20.7950, vae_loss_seen:365.7547 GZSL: seen=0.7281, unseen=0.5337, h=0.6159 ZSL: unseen accuracy=0.6662
[81/120]  Loss_D: -16.7314 Loss_G: 0.8714, Wasserstein_dist:21.0981, vae_loss_seen:366.9195 GZSL: seen=0.7288, unseen=0.5562, h=0.6309 ZSL: unseen accuracy=0.6642
[82/120]  Loss_D: -15.3354 Loss_G: 0.9198, Wasserstein_dist:19.6612, vae_loss_seen:357.0631 GZSL: seen=0.7273, unseen=0.5497, h=0.6262 ZSL: unseen accuracy=0.6655
[83/120]  Loss_D: -15.9189 Loss_G: 0.8165, Wasserstein_dist:20.4002, vae_loss_seen:366.2246 GZSL: seen=0.7318, unseen=0.5291, h=0.6141 ZSL: unseen accuracy=0.6583
[84/120]  Loss_D: -17.2555 Loss_G: 0.6846, Wasserstein_dist:22.1058, vae_loss_seen:377.1916 GZSL: seen=0.7368, unseen=0.5477, h=0.6284 ZSL: unseen accuracy=0.6595
[85/120]  Loss_D: -13.2606 Loss_G: 0.6499, Wasserstein_dist:18.8127, vae_loss_seen:350.8620 GZSL: seen=0.7218, unseen=0.5705, h=0.6373 ZSL: unseen accuracy=0.6656
[86/120]  Loss_D: -17.3098 Loss_G: 0.6564, Wasserstein_dist:22.4876, vae_loss_seen:363.8826 GZSL: seen=0.7329, unseen=0.5428, h=0.6237 ZSL: unseen accuracy=0.6675
[87/120]  Loss_D: -15.5534 Loss_G: 0.6891, Wasserstein_dist:20.2849, vae_loss_seen:371.5587 GZSL: seen=0.7421, unseen=0.5340, h=0.6211 ZSL: unseen accuracy=0.6742
[88/120]  Loss_D: -14.6974 Loss_G: 0.6620, Wasserstein_dist:19.1129, vae_loss_seen:354.1265 GZSL: seen=0.7334, unseen=0.5270, h=0.6133 ZSL: unseen accuracy=0.6739
[89/120]  Loss_D: -15.0362 Loss_G: 0.6358, Wasserstein_dist:20.2894, vae_loss_seen:358.7689 GZSL: seen=0.7263, unseen=0.5681, h=0.6375 ZSL: unseen accuracy=0.6647
[90/120]  Loss_D: -14.1965 Loss_G: 0.5206, Wasserstein_dist:20.4974, vae_loss_seen:353.8881 GZSL: seen=0.7232, unseen=0.5474, h=0.6232 ZSL: unseen accuracy=0.6668
[91/120]  Loss_D: -15.8340 Loss_G: 0.5438, Wasserstein_dist:21.3900, vae_loss_seen:376.3203 GZSL: seen=0.7417, unseen=0.5358, h=0.6222 ZSL: unseen accuracy=0.6499
[92/120]  Loss_D: -15.7537 Loss_G: 0.4429, Wasserstein_dist:20.7800, vae_loss_seen:366.3597 GZSL: seen=0.7229, unseen=0.5665, h=0.6352 ZSL: unseen accuracy=0.6750
[93/120]  Loss_D: -17.5576 Loss_G: 0.4920, Wasserstein_dist:21.8996, vae_loss_seen:365.0056 GZSL: seen=0.7260, unseen=0.5451, h=0.6227 ZSL: unseen accuracy=0.6745
[94/120]  Loss_D: -12.0491 Loss_G: 0.3438, Wasserstein_dist:18.7833, vae_loss_seen:358.3631 GZSL: seen=0.7349, unseen=0.5396, h=0.6223 ZSL: unseen accuracy=0.6631
[95/120]  Loss_D: -14.2144 Loss_G: 0.4458, Wasserstein_dist:19.5111, vae_loss_seen:348.9041 GZSL: seen=0.7271, unseen=0.5825, h=0.6468 ZSL: unseen accuracy=0.6732
[96/120]  Loss_D: -14.2714 Loss_G: 0.3548, Wasserstein_dist:19.8916, vae_loss_seen:352.7032 GZSL: seen=0.7382, unseen=0.5696, h=0.6430 ZSL: unseen accuracy=0.6738
[97/120]  Loss_D: -14.6977 Loss_G: 0.3422, Wasserstein_dist:20.0274, vae_loss_seen:360.3759 GZSL: seen=0.7367, unseen=0.5492, h=0.6293 ZSL: unseen accuracy=0.6605
[98/120]  Loss_D: -15.9732 Loss_G: 0.2778, Wasserstein_dist:20.9937, vae_loss_seen:363.6671 GZSL: seen=0.7445, unseen=0.5591, h=0.6386 ZSL: unseen accuracy=0.6676
[99/120]  Loss_D: -13.9606 Loss_G: 0.3426, Wasserstein_dist:19.3044, vae_loss_seen:343.7607 GZSL: seen=0.7326, unseen=0.5611, h=0.6355 ZSL: unseen accuracy=0.6748
[100/120]  Loss_D: -16.8669 Loss_G: 0.3106, Wasserstein_dist:20.3747, vae_loss_seen:362.6832 GZSL: seen=0.7358, unseen=0.5600, h=0.6359 ZSL: unseen accuracy=0.6662
[101/120]  Loss_D: -15.5293 Loss_G: 0.2246, Wasserstein_dist:21.2868, vae_loss_seen:371.4677 GZSL: seen=0.8190, unseen=0.5040, h=0.6240 ZSL: unseen accuracy=0.6825
[102/120]  Loss_D: -15.3563 Loss_G: 0.1686, Wasserstein_dist:21.2479, vae_loss_seen:367.2802 GZSL: seen=0.7375, unseen=0.5686, h=0.6421 ZSL: unseen accuracy=0.6828
[103/120]  Loss_D: -15.6211 Loss_G: 0.1392, Wasserstein_dist:19.2333, vae_loss_seen:351.1429 GZSL: seen=0.7339, unseen=0.5597, h=0.6351 ZSL: unseen accuracy=0.6631
[104/120]  Loss_D: -15.9519 Loss_G: 0.1157, Wasserstein_dist:20.8300, vae_loss_seen:358.0813 GZSL: seen=0.7356, unseen=0.5593, h=0.6354 ZSL: unseen accuracy=0.6806
[105/120]  Loss_D: -16.7672 Loss_G: 0.1626, Wasserstein_dist:22.0826, vae_loss_seen:370.8979 GZSL: seen=0.7301, unseen=0.5532, h=0.6294 ZSL: unseen accuracy=0.6835
[106/120]  Loss_D: -13.5267 Loss_G: 0.1023, Wasserstein_dist:19.9950, vae_loss_seen:363.0390 GZSL: seen=0.7472, unseen=0.5650, h=0.6434 ZSL: unseen accuracy=0.6714
[107/120]  Loss_D: -13.9790 Loss_G: 0.0704, Wasserstein_dist:19.6306, vae_loss_seen:350.2946 GZSL: seen=0.7327, unseen=0.5665, h=0.6390 ZSL: unseen accuracy=0.6733
[108/120]  Loss_D: -14.7549 Loss_G: 0.0308, Wasserstein_dist:20.4282, vae_loss_seen:358.4243 GZSL: seen=0.7481, unseen=0.5448, h=0.6305 ZSL: unseen accuracy=0.7075
[109/120]  Loss_D: -16.4558 Loss_G: 0.0511, Wasserstein_dist:21.4366, vae_loss_seen:358.7136 GZSL: seen=0.7470, unseen=0.5573, h=0.6384 ZSL: unseen accuracy=0.6647
[110/120]  Loss_D: -14.7387 Loss_G: 0.0684, Wasserstein_dist:18.9685, vae_loss_seen:344.0019 GZSL: seen=0.7287, unseen=0.5664, h=0.6374 ZSL: unseen accuracy=0.6749
[111/120]  Loss_D: -15.6123 Loss_G: 0.0264, Wasserstein_dist:19.6343, vae_loss_seen:357.0365 GZSL: seen=0.7523, unseen=0.5758, h=0.6523 ZSL: unseen accuracy=0.6853
[112/120]  Loss_D: -12.6671 Loss_G: 0.0470, Wasserstein_dist:17.9977, vae_loss_seen:335.4428 GZSL: seen=0.7533, unseen=0.5661, h=0.6465 ZSL: unseen accuracy=0.6721
[113/120]  Loss_D: -14.4796 Loss_G: -0.0526, Wasserstein_dist:20.3767, vae_loss_seen:367.5133 GZSL: seen=0.7361, unseen=0.5831, h=0.6507 ZSL: unseen accuracy=0.6804
[114/120]  Loss_D: -15.0665 Loss_G: -0.0729, Wasserstein_dist:20.8916, vae_loss_seen:366.9183 GZSL: seen=0.7416, unseen=0.5691, h=0.6440 ZSL: unseen accuracy=0.6748
[115/120]  Loss_D: -15.7560 Loss_G: -0.0040, Wasserstein_dist:19.6227, vae_loss_seen:358.8405 GZSL: seen=0.7397, unseen=0.5627, h=0.6392 ZSL: unseen accuracy=0.6663
[116/120]  Loss_D: -13.6464 Loss_G: -0.0762, Wasserstein_dist:19.3739, vae_loss_seen:350.5095 GZSL: seen=0.7325, unseen=0.5640, h=0.6373 ZSL: unseen accuracy=0.6739
[117/120]  Loss_D: -14.4154 Loss_G: -0.0919, Wasserstein_dist:18.7340, vae_loss_seen:349.9094 GZSL: seen=0.7389, unseen=0.5678, h=0.6421 ZSL: unseen accuracy=0.6837
[118/120]  Loss_D: -15.6956 Loss_G: -0.1445, Wasserstein_dist:19.8258, vae_loss_seen:351.6743 GZSL: seen=0.7484, unseen=0.5229, h=0.6156 ZSL: unseen accuracy=0.6720
[119/120]  Loss_D: -15.9400 Loss_G: -0.0973, Wasserstein_dist:21.3362, vae_loss_seen:351.4906 GZSL: seen=0.7364, unseen=0.5657, h=0.6399 ZSL: unseen accuracy=0.6604
[120/120]  Loss_D: -14.3992 Loss_G: -0.1376, Wasserstein_dist:19.7939, vae_loss_seen:347.6370 GZSL: seen=0.7524, unseen=0.5444, h=0.6317 ZSL: unseen accuracy=0.6766
